<?xml version="1.0" encoding="UTF-8"?>
<testsuite xmlns:xsi="http://www.w3.org/2001/XMLSchema-instance" xsi:noNamespaceSchemaLocation="https://maven.apache.org/surefire/maven-surefire-plugin/xsd/surefire-test-report-3.0.xsd" version="3.0" name="com.nju.fixer.PatchValidationTest" time="210.074" tests="1" errors="0" skipped="0" failures="0">
  <properties>
[...]
</properties>
  <testcase name="validatePatches" classname="com.nju.fixer.PatchValidationTest" time="210.055">
    <system-out><![CDATA[
--- Validating UniXcoder Patches ---
Validating BITCOUNT with patch: n >>= 1;
Test Output:
test_1(java_testcases.junit.BITCOUNT_TEST): expected:<1> but was:<8>
test_2(java_testcases.junit.BITCOUNT_TEST): expected:<9> but was:<12>
test_3(java_testcases.junit.BITCOUNT_TEST): expected:<3> but was:<4>
test_4(java_testcases.junit.BITCOUNT_TEST): expected:<3> but was:<4>
test_5(java_testcases.junit.BITCOUNT_TEST): expected:<4> but was:<5>
test_6(java_testcases.junit.BITCOUNT_TEST): expected:<4> but was:<10>
test_7(java_testcases.junit.BITCOUNT_TEST): expected:<7> but was:<8>
test_8(java_testcases.junit.BITCOUNT_TEST): expected:<1> but was:<9>
Validating BITCOUNT with patch: n >>= 1;
Test Output:
test_1(java_testcases.junit.BITCOUNT_TEST): expected:<1> but was:<8>
test_2(java_testcases.junit.BITCOUNT_TEST): expected:<9> but was:<12>
test_3(java_testcases.junit.BITCOUNT_TEST): expected:<3> but was:<4>
test_4(java_testcases.junit.BITCOUNT_TEST): expected:<3> but was:<4>
test_5(java_testcases.junit.BITCOUNT_TEST): expected:<4> but was:<5>
test_6(java_testcases.junit.BITCOUNT_TEST): expected:<4> but was:<10>
test_7(java_testcases.junit.BITCOUNT_TEST): expected:<7> but was:<8>
test_8(java_testcases.junit.BITCOUNT_TEST): expected:<1> but was:<9>
Validating BITCOUNT with patch: n >>>= 1;
Test Output:
test_1(java_testcases.junit.BITCOUNT_TEST): expected:<1> but was:<8>
test_2(java_testcases.junit.BITCOUNT_TEST): expected:<9> but was:<12>
test_3(java_testcases.junit.BITCOUNT_TEST): expected:<3> but was:<4>
test_4(java_testcases.junit.BITCOUNT_TEST): expected:<3> but was:<4>
test_5(java_testcases.junit.BITCOUNT_TEST): expected:<4> but was:<5>
test_6(java_testcases.junit.BITCOUNT_TEST): expected:<4> but was:<10>
test_7(java_testcases.junit.BITCOUNT_TEST): expected:<7> but was:<8>
test_8(java_testcases.junit.BITCOUNT_TEST): expected:<1> but was:<9>
Validating BITCOUNT with patch: n--;
Test Output:
test_1(java_testcases.junit.BITCOUNT_TEST): expected:<1> but was:<8>
test_2(java_testcases.junit.BITCOUNT_TEST): expected:<9> but was:<12>
test_3(java_testcases.junit.BITCOUNT_TEST): expected:<3> but was:<4>
test_4(java_testcases.junit.BITCOUNT_TEST): expected:<3> but was:<4>
test_5(java_testcases.junit.BITCOUNT_TEST): expected:<4> but was:<5>
test_6(java_testcases.junit.BITCOUNT_TEST): expected:<4> but was:<10>
test_7(java_testcases.junit.BITCOUNT_TEST): expected:<7> but was:<8>
test_8(java_testcases.junit.BITCOUNT_TEST): expected:<1> but was:<9>
Validating BITCOUNT with patch: n >>>= 1;
Test Output:
test_1(java_testcases.junit.BITCOUNT_TEST): expected:<1> but was:<8>
test_2(java_testcases.junit.BITCOUNT_TEST): expected:<9> but was:<12>
test_3(java_testcases.junit.BITCOUNT_TEST): expected:<3> but was:<4>
test_4(java_testcases.junit.BITCOUNT_TEST): expected:<3> but was:<4>
test_5(java_testcases.junit.BITCOUNT_TEST): expected:<4> but was:<5>
test_6(java_testcases.junit.BITCOUNT_TEST): expected:<4> but was:<10>
test_7(java_testcases.junit.BITCOUNT_TEST): expected:<7> but was:<8>
test_8(java_testcases.junit.BITCOUNT_TEST): expected:<1> but was:<9>
Validating BITCOUNT with patch: n >>= 8;
Test Output:
test_1(java_testcases.junit.BITCOUNT_TEST): expected:<1> but was:<8>
test_2(java_testcases.junit.BITCOUNT_TEST): expected:<9> but was:<12>
test_3(java_testcases.junit.BITCOUNT_TEST): expected:<3> but was:<4>
test_4(java_testcases.junit.BITCOUNT_TEST): expected:<3> but was:<4>
test_5(java_testcases.junit.BITCOUNT_TEST): expected:<4> but was:<5>
test_6(java_testcases.junit.BITCOUNT_TEST): expected:<4> but was:<10>
test_7(java_testcases.junit.BITCOUNT_TEST): expected:<7> but was:<8>
test_8(java_testcases.junit.BITCOUNT_TEST): expected:<1> but was:<9>
Validating BITCOUNT with patch: n--;
Test Output:
test_1(java_testcases.junit.BITCOUNT_TEST): expected:<1> but was:<8>
test_2(java_testcases.junit.BITCOUNT_TEST): expected:<9> but was:<12>
test_3(java_testcases.junit.BITCOUNT_TEST): expected:<3> but was:<4>
test_4(java_testcases.junit.BITCOUNT_TEST): expected:<3> but was:<4>
test_5(java_testcases.junit.BITCOUNT_TEST): expected:<4> but was:<5>
test_6(java_testcases.junit.BITCOUNT_TEST): expected:<4> but was:<10>
test_7(java_testcases.junit.BITCOUNT_TEST): expected:<7> but was:<8>
test_8(java_testcases.junit.BITCOUNT_TEST): expected:<1> but was:<9>
Validating BITCOUNT with patch: n &= 1;
Test Output:
test_1(java_testcases.junit.BITCOUNT_TEST): expected:<1> but was:<8>
test_2(java_testcases.junit.BITCOUNT_TEST): expected:<9> but was:<12>
test_3(java_testcases.junit.BITCOUNT_TEST): expected:<3> but was:<4>
test_4(java_testcases.junit.BITCOUNT_TEST): expected:<3> but was:<4>
test_5(java_testcases.junit.BITCOUNT_TEST): expected:<4> but was:<5>
test_6(java_testcases.junit.BITCOUNT_TEST): expected:<4> but was:<10>
test_7(java_testcases.junit.BITCOUNT_TEST): expected:<7> but was:<8>
test_8(java_testcases.junit.BITCOUNT_TEST): expected:<1> but was:<9>
Validating BITCOUNT with patch: n <<= 1;
Test Output:
test_1(java_testcases.junit.BITCOUNT_TEST): expected:<1> but was:<8>
test_2(java_testcases.junit.BITCOUNT_TEST): expected:<9> but was:<12>
test_3(java_testcases.junit.BITCOUNT_TEST): expected:<3> but was:<4>
test_4(java_testcases.junit.BITCOUNT_TEST): expected:<3> but was:<4>
test_5(java_testcases.junit.BITCOUNT_TEST): expected:<4> but was:<5>
test_6(java_testcases.junit.BITCOUNT_TEST): expected:<4> but was:<10>
test_7(java_testcases.junit.BITCOUNT_TEST): expected:<7> but was:<8>
test_8(java_testcases.junit.BITCOUNT_TEST): expected:<1> but was:<9>
Validating BITCOUNT with patch: n >>= 8;
Test Output:
test_1(java_testcases.junit.BITCOUNT_TEST): expected:<1> but was:<8>
test_2(java_testcases.junit.BITCOUNT_TEST): expected:<9> but was:<12>
test_3(java_testcases.junit.BITCOUNT_TEST): expected:<3> but was:<4>
test_4(java_testcases.junit.BITCOUNT_TEST): expected:<3> but was:<4>
test_5(java_testcases.junit.BITCOUNT_TEST): expected:<4> but was:<5>
test_6(java_testcases.junit.BITCOUNT_TEST): expected:<4> but was:<10>
test_7(java_testcases.junit.BITCOUNT_TEST): expected:<7> but was:<8>
test_8(java_testcases.junit.BITCOUNT_TEST): expected:<1> but was:<9>
Validating BREADTH_FIRST_SEARCH with patch: return true;
Test Output:
test3(java_testcases.junit.BREADTH_FIRST_SEARCH_TEST): null
Validating BREADTH_FIRST_SEARCH with patch: break;
Validating BREADTH_FIRST_SEARCH with patch: return false;
Test Output:
test3(java_testcases.junit.BREADTH_FIRST_SEARCH_TEST): null
Validating BREADTH_FIRST_SEARCH with patch: return true;
Test Output:
test3(java_testcases.junit.BREADTH_FIRST_SEARCH_TEST): null
Validating BREADTH_FIRST_SEARCH with patch: continue;
Test Output:
test3(java_testcases.junit.BREADTH_FIRST_SEARCH_TEST): null
Validating BREADTH_FIRST_SEARCH with patch: break;
Validating BREADTH_FIRST_SEARCH with patch: return false;
Test Output:
test3(java_testcases.junit.BREADTH_FIRST_SEARCH_TEST): null
Validating BREADTH_FIRST_SEARCH with patch: return true;
Test Output:
test3(java_testcases.junit.BREADTH_FIRST_SEARCH_TEST): null
Validating BREADTH_FIRST_SEARCH with patch: return true;
Test Output:
test3(java_testcases.junit.BREADTH_FIRST_SEARCH_TEST): null
Validating BREADTH_FIRST_SEARCH with patch: 
Test Output:
test3(java_testcases.junit.BREADTH_FIRST_SEARCH_TEST): null
Validating BUCKETSORT with patch: for (Integer count : arr) {
Test Output:
test_0(java_testcases.junit.BUCKETSORT_TEST): expected:<[[1,2,3,5,9,11]]]]><![CDATA[> but was:<[[0,0,0,1,1,1,1,1,1,1,1,1,1,1,2,2,3,3,3,3,3,3,3,3,3,4,5,5,5,5,5]]]]><![CDATA[>
test_1(java_testcases.junit.BUCKETSORT_TEST): expected:<[[2,2,3,3,4],5]> but was:<[[0,0,0,1,1,2,2,2,2,3,3,4,4,4,5,5,5,5],5]>
test_2(java_testcases.junit.BUCKETSORT_TEST): expected:<[[1,1,2,2,3,4,4,6],9,9]> but was:<[[0,1,1,1,2,2,2,2,3,3,3,3,3,3,4,4,4,4,5,5,6,6,6,6,6,6,6,6,6,7,8,8,9,9,9,9,9,9,9],9,9]>
test_3(java_testcases.junit.BUCKETSORT_TEST): expected:<[[11,12,13,14,15,16,17,18,19,20]]]]><![CDATA[> but was:<[[0,0,0,0,0,0,0,0,0,0,0,0,0,0,0,0,0,0,0,0,1,1,1,1,1,1,1,1,1,1,1,1,1,1,1,1,1,1,1,2,2,2,2,2,2,2,2,2,2,2,2,2,2,2,2,2,2,3,3,3,3,3,3,3,3,3,3,3,3,3,3,3,3,3,4,4,4,4,4,4,4,4,4,4,4,4,4,4,4,4,5,5,5,5,5,5,5,5,5,5,5,5,5,5,5,6,6,6,6,6,6,6,6,6,6,6,6,6,6,7,7,7,7,7,7,7,7,7,7,7,7,7,8,8,8,8,8,8,8,8,8,8,8,8,9,9,9,9,9,9,9,9,9,9,9]]]]><![CDATA[>
test_4(java_testcases.junit.BUCKETSORT_TEST): expected:<[[20,21,22,23,24,25,26,27,28,2]9]> but was:<[[0,0,0,0,0,0,0,0,0,0,0,0,0,0,0,0,0,0,0,0,1,1,1,1,1,1,1,1,1,1,1,1,1,1,1,1,1,1,1,1,1,2,2,2,2,2,2,2,2,2,2,2,2,2,2,2,2,2,2,2,2,2,2,3,3,3,3,3,3,3,3,3,3,3,3,3,3,3,3,3,3,3,3,3,3,3,4,4,4,4,4,4,4,4,4,4,4,4,4,4,4,4,4,4,4,4,4,4,4,4,5,5,5,5,5,5,5,5,5,5,5,5,5,5,5,5,5,5,5,5,5,5,5,5,5,6,6,6,6,6,6,6,6,6,6,6,6,6,6,6,6,6,6,6,6,6,6,6,6,6,6,7,7,7,7,7,7,7,7,7,7,7,7,7,7,7,7,7,7,7,7,7,7,7,7,7,7,7,8,8,8,8,8,8,8,8,8,8,8,8,8,8,8,8,8,8,8,8,8,8,8,8,8,8,8,8,9,9,9,9,9,9,9,9,9,9,9,9,9,9,9,9,9,9,9,9,9,9,9,9,9,9,9,9,]9]>
test_5(java_testcases.junit.BUCKETSORT_TEST): expected:<[0,[1,2,3,4,5,5,6,7,8,9]]]]><![CDATA[> but was:<[0,[0,0,0,0,0,0,0,1,1,1,1,1,2,2,2,3,4,4,4,4,4,4,4,4,4,5,5,5,5,5,5,7,7,7,7,7,7,7,8,8,8,8,9,9,10,10,10,10,10]]]]><![CDATA[>
Validating BUCKETSORT with patch: public static void main(String[] args) {
Validating BUCKETSORT with patch: public static void main(String[] args) {
Validating BUCKETSORT with patch: for (int count : arr) {
Test Output:
test_0(java_testcases.junit.BUCKETSORT_TEST): expected:<[[1,2,3,5,9,11]]]]><![CDATA[> but was:<[[0,0,0,1,1,1,1,1,1,1,1,1,1,1,2,2,3,3,3,3,3,3,3,3,3,4,5,5,5,5,5]]]]><![CDATA[>
test_1(java_testcases.junit.BUCKETSORT_TEST): expected:<[[2,2,3,3,4],5]> but was:<[[0,0,0,1,1,2,2,2,2,3,3,4,4,4,5,5,5,5],5]>
test_2(java_testcases.junit.BUCKETSORT_TEST): expected:<[[1,1,2,2,3,4,4,6],9,9]> but was:<[[0,1,1,1,2,2,2,2,3,3,3,3,3,3,4,4,4,4,5,5,6,6,6,6,6,6,6,6,6,7,8,8,9,9,9,9,9,9,9],9,9]>
test_3(java_testcases.junit.BUCKETSORT_TEST): expected:<[[11,12,13,14,15,16,17,18,19,20]]]]><![CDATA[> but was:<[[0,0,0,0,0,0,0,0,0,0,0,0,0,0,0,0,0,0,0,0,1,1,1,1,1,1,1,1,1,1,1,1,1,1,1,1,1,1,1,2,2,2,2,2,2,2,2,2,2,2,2,2,2,2,2,2,2,3,3,3,3,3,3,3,3,3,3,3,3,3,3,3,3,3,4,4,4,4,4,4,4,4,4,4,4,4,4,4,4,4,5,5,5,5,5,5,5,5,5,5,5,5,5,5,5,6,6,6,6,6,6,6,6,6,6,6,6,6,6,7,7,7,7,7,7,7,7,7,7,7,7,7,8,8,8,8,8,8,8,8,8,8,8,8,9,9,9,9,9,9,9,9,9,9,9]]]]><![CDATA[>
test_4(java_testcases.junit.BUCKETSORT_TEST): expected:<[[20,21,22,23,24,25,26,27,28,2]9]> but was:<[[0,0,0,0,0,0,0,0,0,0,0,0,0,0,0,0,0,0,0,0,1,1,1,1,1,1,1,1,1,1,1,1,1,1,1,1,1,1,1,1,1,2,2,2,2,2,2,2,2,2,2,2,2,2,2,2,2,2,2,2,2,2,2,3,3,3,3,3,3,3,3,3,3,3,3,3,3,3,3,3,3,3,3,3,3,3,4,4,4,4,4,4,4,4,4,4,4,4,4,4,4,4,4,4,4,4,4,4,4,4,5,5,5,5,5,5,5,5,5,5,5,5,5,5,5,5,5,5,5,5,5,5,5,5,5,6,6,6,6,6,6,6,6,6,6,6,6,6,6,6,6,6,6,6,6,6,6,6,6,6,6,7,7,7,7,7,7,7,7,7,7,7,7,7,7,7,7,7,7,7,7,7,7,7,7,7,7,7,8,8,8,8,8,8,8,8,8,8,8,8,8,8,8,8,8,8,8,8,8,8,8,8,8,8,8,8,9,9,9,9,9,9,9,9,9,9,9,9,9,9,9,9,9,9,9,9,9,9,9,9,9,9,9,9,]9]>
test_5(java_testcases.junit.BUCKETSORT_TEST): expected:<[0,[1,2,3,4,5,5,6,7,8,9]]]]><![CDATA[> but was:<[0,[0,0,0,0,0,0,0,1,1,1,1,1,2,2,2,3,4,4,4,4,4,4,4,4,4,5,5,5,5,5,5,7,7,7,7,7,7,7,8,8,8,8,9,9,10,10,10,10,10]]]]><![CDATA[>
Validating BUCKETSORT with patch: for (Integer count : counts) {
Test Output:
test_0(java_testcases.junit.BUCKETSORT_TEST): expected:<[[1,2,3,5,9,11]]]]><![CDATA[> but was:<[[0,0,0,1,1,1,1,1,1,1,1,1,1,1,2,2,3,3,3,3,3,3,3,3,3,4,5,5,5,5,5]]]]><![CDATA[>
test_1(java_testcases.junit.BUCKETSORT_TEST): expected:<[[2,2,3,3,4],5]> but was:<[[0,0,0,1,1,2,2,2,2,3,3,4,4,4,5,5,5,5],5]>
test_2(java_testcases.junit.BUCKETSORT_TEST): expected:<[[1,1,2,2,3,4,4,6],9,9]> but was:<[[0,1,1,1,2,2,2,2,3,3,3,3,3,3,4,4,4,4,5,5,6,6,6,6,6,6,6,6,6,7,8,8,9,9,9,9,9,9,9],9,9]>
test_3(java_testcases.junit.BUCKETSORT_TEST): expected:<[[11,12,13,14,15,16,17,18,19,20]]]]><![CDATA[> but was:<[[0,0,0,0,0,0,0,0,0,0,0,0,0,0,0,0,0,0,0,0,1,1,1,1,1,1,1,1,1,1,1,1,1,1,1,1,1,1,1,2,2,2,2,2,2,2,2,2,2,2,2,2,2,2,2,2,2,3,3,3,3,3,3,3,3,3,3,3,3,3,3,3,3,3,4,4,4,4,4,4,4,4,4,4,4,4,4,4,4,4,5,5,5,5,5,5,5,5,5,5,5,5,5,5,5,6,6,6,6,6,6,6,6,6,6,6,6,6,6,7,7,7,7,7,7,7,7,7,7,7,7,7,8,8,8,8,8,8,8,8,8,8,8,8,9,9,9,9,9,9,9,9,9,9,9]]]]><![CDATA[>
test_4(java_testcases.junit.BUCKETSORT_TEST): expected:<[[20,21,22,23,24,25,26,27,28,2]9]> but was:<[[0,0,0,0,0,0,0,0,0,0,0,0,0,0,0,0,0,0,0,0,1,1,1,1,1,1,1,1,1,1,1,1,1,1,1,1,1,1,1,1,1,2,2,2,2,2,2,2,2,2,2,2,2,2,2,2,2,2,2,2,2,2,2,3,3,3,3,3,3,3,3,3,3,3,3,3,3,3,3,3,3,3,3,3,3,3,4,4,4,4,4,4,4,4,4,4,4,4,4,4,4,4,4,4,4,4,4,4,4,4,5,5,5,5,5,5,5,5,5,5,5,5,5,5,5,5,5,5,5,5,5,5,5,5,5,6,6,6,6,6,6,6,6,6,6,6,6,6,6,6,6,6,6,6,6,6,6,6,6,6,6,7,7,7,7,7,7,7,7,7,7,7,7,7,7,7,7,7,7,7,7,7,7,7,7,7,7,7,8,8,8,8,8,8,8,8,8,8,8,8,8,8,8,8,8,8,8,8,8,8,8,8,8,8,8,8,9,9,9,9,9,9,9,9,9,9,9,9,9,9,9,9,9,9,9,9,9,9,9,9,9,9,9,9,]9]>
test_5(java_testcases.junit.BUCKETSORT_TEST): expected:<[0,[1,2,3,4,5,5,6,7,8,9]]]]><![CDATA[> but was:<[0,[0,0,0,0,0,0,0,1,1,1,1,1,2,2,2,3,4,4,4,4,4,4,4,4,4,5,5,5,5,5,5,7,7,7,7,7,7,7,8,8,8,8,9,9,10,10,10,10,10]]]]><![CDATA[>
Validating BUCKETSORT with patch: for (Integer count : arr)
Validating BUCKETSORT with patch: for (Integer count : counts)
Validating BUCKETSORT with patch: public int bucketsort(int count) {
Validating BUCKETSORT with patch: public static int bucketsort(int count) {
Validating BUCKETSORT with patch: 
Validating DEPTH_FIRST_SEARCH with patch: /*
Validating DEPTH_FIRST_SEARCH with patch: }
Validating DEPTH_FIRST_SEARCH with patch: try {
Validating DEPTH_FIRST_SEARCH with patch: synchronized
Validating DEPTH_FIRST_SEARCH with patch: if (debug) {
Validating DEPTH_FIRST_SEARCH with patch: if (DEBUG) {
Validating DEPTH_FIRST_SEARCH with patch: if (debug)
Validating DEPTH_FIRST_SEARCH with patch: if (verbose) {
Validating DEPTH_FIRST_SEARCH with patch: if (DEBUG)
Validating DEPTH_FIRST_SEARCH with patch: if (true) {
Validating DETECT_CYCLE with patch: /*
Validating DETECT_CYCLE with patch: }
Validating DETECT_CYCLE with patch: 
Test Output:
test4(java_testcases.junit.DETECT_CYCLE_TEST): Cannot invoke "java_programs.Node.getSuccessor()" because "<local1>" is null
Validating DETECT_CYCLE with patch: 
Test Output:
test4(java_testcases.junit.DETECT_CYCLE_TEST): Cannot invoke "java_programs.Node.getSuccessor()" because "<local1>" is null
Validating DETECT_CYCLE with patch: public static boolean detect_cycle() {
Validating DETECT_CYCLE with patch: /*
Validating DETECT_CYCLE with patch: public boolean detect_cycle() {
Validating DETECT_CYCLE with patch: private boolean detect_cycle() {
Validating DETECT_CYCLE with patch: private void detect_cycle() {
Validating DETECT_CYCLE with patch: private static boolean detect_cycle() {
Validating FIND_FIRST_IN_SORTED with patch: /*
Validating FIND_FIRST_IN_SORTED with patch: }
Validating FIND_FIRST_IN_SORTED with patch: public static int find_first_in_sorted
Validating FIND_FIRST_IN_SORTED with patch: private static int find_first_in_sorted
Validating FIND_FIRST_IN_SORTED with patch: package java_programs;
Validating FIND_FIRST_IN_SORTED with patch: /*package
Validating FIND_FIRST_IN_SORTED with patch: public static void main(String[] args) {
Validating FIND_FIRST_IN_SORTED with patch: package java_programs
Validating FIND_FIRST_IN_SORTED with patch: private int find_first_in_sorted
Validating FIND_FIRST_IN_SORTED with patch: package java_programs;
Validating FIND_IN_SORTED with patch: return mid;
Test Output:
test_1(java_testcases.junit.FIND_IN_SORTED_TEST): expected:<-1> but was:<5>
test_4(java_testcases.junit.FIND_IN_SORTED_TEST): expected:<-1> but was:<6>
test_6(java_testcases.junit.FIND_IN_SORTED_TEST): null
Validating FIND_IN_SORTED with patch: return -1;
Test Output:
test_1(java_testcases.junit.FIND_IN_SORTED_TEST): expected:<-1> but was:<5>
test_4(java_testcases.junit.FIND_IN_SORTED_TEST): expected:<-1> but was:<6>
test_6(java_testcases.junit.FIND_IN_SORTED_TEST): null
Validating FIND_IN_SORTED with patch: return 0;
Test Output:
test_1(java_testcases.junit.FIND_IN_SORTED_TEST): expected:<-1> but was:<5>
test_4(java_testcases.junit.FIND_IN_SORTED_TEST): expected:<-1> but was:<6>
test_6(java_testcases.junit.FIND_IN_SORTED_TEST): null
Validating FIND_IN_SORTED with patch: return 1;
Test Output:
test_1(java_testcases.junit.FIND_IN_SORTED_TEST): expected:<-1> but was:<5>
test_4(java_testcases.junit.FIND_IN_SORTED_TEST): expected:<-1> but was:<6>
test_6(java_testcases.junit.FIND_IN_SORTED_TEST): null
Validating FIND_IN_SORTED with patch: mid++;
Validating FIND_IN_SORTED with patch: return mid;
Test Output:
test_1(java_testcases.junit.FIND_IN_SORTED_TEST): expected:<-1> but was:<5>
test_4(java_testcases.junit.FIND_IN_SORTED_TEST): expected:<-1> but was:<6>
test_6(java_testcases.junit.FIND_IN_SORTED_TEST): null
Validating FIND_IN_SORTED with patch: return start;
Test Output:
test_1(java_testcases.junit.FIND_IN_SORTED_TEST): expected:<-1> but was:<5>
test_4(java_testcases.junit.FIND_IN_SORTED_TEST): expected:<-1> but was:<6>
test_6(java_testcases.junit.FIND_IN_SORTED_TEST): null
Validating FIND_IN_SORTED with patch: return mid;
Test Output:
test_1(java_testcases.junit.FIND_IN_SORTED_TEST): expected:<-1> but was:<5>
test_4(java_testcases.junit.FIND_IN_SORTED_TEST): expected:<-1> but was:<6>
test_6(java_testcases.junit.FIND_IN_SORTED_TEST): null
Validating FIND_IN_SORTED with patch: return mid;
Test Output:
test_1(java_testcases.junit.FIND_IN_SORTED_TEST): expected:<-1> but was:<5>
test_4(java_testcases.junit.FIND_IN_SORTED_TEST): expected:<-1> but was:<6>
test_6(java_testcases.junit.FIND_IN_SORTED_TEST): null
Validating FIND_IN_SORTED with patch: return mid - 1
Validating FLATTEN with patch: /*
Validating FLATTEN with patch: public static Object flatten(Object arr) {
Validating FLATTEN with patch: public static void main(String[] args) {
Validating FLATTEN with patch: public static Object FLATTEN() {
Validating FLATTEN with patch: public static Object flatten(Object obj) {
Validating FLATTEN with patch: public static Object flatten(Object[] arr) {
Validating FLATTEN with patch: public Object FLATTEN() {
Validating FLATTEN with patch: static public Object flatten(Object arr) {
Validating FLATTEN with patch: public static Object FLATTEN(){
Validating FLATTEN with patch: 
Validating GCD with patch: } else {
Test Output:
test_0(java_testcases.junit.GCD_TEST): null
test_1(java_testcases.junit.GCD_TEST): null
test_2(java_testcases.junit.GCD_TEST): null
test_3(java_testcases.junit.GCD_TEST): null
test_4(java_testcases.junit.GCD_TEST): null
Validating GCD with patch: }         else {
Test Output:
test_0(java_testcases.junit.GCD_TEST): null
test_1(java_testcases.junit.GCD_TEST): null
test_2(java_testcases.junit.GCD_TEST): null
test_3(java_testcases.junit.GCD_TEST): null
test_4(java_testcases.junit.GCD_TEST): null
Validating GCD with patch: }
Validating GCD with patch: }  else {
Test Output:
test_0(java_testcases.junit.GCD_TEST): null
test_1(java_testcases.junit.GCD_TEST): null
test_2(java_testcases.junit.GCD_TEST): null
test_3(java_testcases.junit.GCD_TEST): null
test_4(java_testcases.junit.GCD_TEST): null
Validating GCD with patch: }else {
Test Output:
test_0(java_testcases.junit.GCD_TEST): null
test_1(java_testcases.junit.GCD_TEST): null
test_2(java_testcases.junit.GCD_TEST): null
test_3(java_testcases.junit.GCD_TEST): null
test_4(java_testcases.junit.GCD_TEST): null
Validating GCD with patch: }else{
Test Output:
test_0(java_testcases.junit.GCD_TEST): null
test_1(java_testcases.junit.GCD_TEST): null
test_2(java_testcases.junit.GCD_TEST): null
test_3(java_testcases.junit.GCD_TEST): null
test_4(java_testcases.junit.GCD_TEST): null
Validating GCD with patch: }     else {
Test Output:
test_0(java_testcases.junit.GCD_TEST): null
test_1(java_testcases.junit.GCD_TEST): null
test_2(java_testcases.junit.GCD_TEST): null
test_3(java_testcases.junit.GCD_TEST): null
test_4(java_testcases.junit.GCD_TEST): null
Validating GCD with patch: } else {
Test Output:
test_0(java_testcases.junit.GCD_TEST): null
test_1(java_testcases.junit.GCD_TEST): null
test_2(java_testcases.junit.GCD_TEST): null
test_3(java_testcases.junit.GCD_TEST): null
test_4(java_testcases.junit.GCD_TEST): null
Validating GCD with patch: } else {
Test Output:
test_0(java_testcases.junit.GCD_TEST): null
test_1(java_testcases.junit.GCD_TEST): null
test_2(java_testcases.junit.GCD_TEST): null
test_3(java_testcases.junit.GCD_TEST): null
test_4(java_testcases.junit.GCD_TEST): null
Validating GCD with patch: } else  {
Test Output:
test_0(java_testcases.junit.GCD_TEST): null
test_1(java_testcases.junit.GCD_TEST): null
test_2(java_testcases.junit.GCD_TEST): null
test_3(java_testcases.junit.GCD_TEST): null
test_4(java_testcases.junit.GCD_TEST): null
Validating GET_FACTORS with patch: }
Test Output:
test_10(java_testcases.junit.GET_FACTORS_TEST): expected:<[3,3[,1093]]]]><![CDATA[> but was:<[3,3[]]]]><![CDATA[>
test_1(java_testcases.junit.GET_FACTORS_TEST): expected:<[2,2,5[,5]]]]><![CDATA[> but was:<[2,2,5[]]]]><![CDATA[>
test_2(java_testcases.junit.GET_FACTORS_TEST): expected:<[[101]]]]><![CDATA[> but was:<[[]]]]><![CDATA[>
test_3(java_testcases.junit.GET_FACTORS_TEST): expected:<[2,2,2[,13]]]]><![CDATA[> but was:<[2,2,2[]]]]><![CDATA[>
test_4(java_testcases.junit.GET_FACTORS_TEST): expected:<[[2]]]]><![CDATA[> but was:<[[]]]]><![CDATA[>
test_5(java_testcases.junit.GET_FACTORS_TEST): expected:<[[3]]]]><![CDATA[> but was:<[[]]]]><![CDATA[>
test_6(java_testcases.junit.GET_FACTORS_TEST): expected:<[[17]]]]><![CDATA[> but was:<[[]]]]><![CDATA[>
test_7(java_testcases.junit.GET_FACTORS_TEST): expected:<[3,3[,7]]]]><![CDATA[> but was:<[3,3[]]]]><![CDATA[>
test_8(java_testcases.junit.GET_FACTORS_TEST): expected:<[2[,37]]]]><![CDATA[> but was:<[2[]]]]><![CDATA[>
test_9(java_testcases.junit.GET_FACTORS_TEST): expected:<[[73]]]]><![CDATA[> but was:<[[]]]]><![CDATA[>
Validating GET_FACTORS with patch: }
Test Output:
test_10(java_testcases.junit.GET_FACTORS_TEST): expected:<[3,3[,1093]]]]><![CDATA[> but was:<[3,3[]]]]><![CDATA[>
test_1(java_testcases.junit.GET_FACTORS_TEST): expected:<[2,2,5[,5]]]]><![CDATA[> but was:<[2,2,5[]]]]><![CDATA[>
test_2(java_testcases.junit.GET_FACTORS_TEST): expected:<[[101]]]]><![CDATA[> but was:<[[]]]]><![CDATA[>
test_3(java_testcases.junit.GET_FACTORS_TEST): expected:<[2,2,2[,13]]]]><![CDATA[> but was:<[2,2,2[]]]]><![CDATA[>
test_4(java_testcases.junit.GET_FACTORS_TEST): expected:<[[2]]]]><![CDATA[> but was:<[[]]]]><![CDATA[>
test_5(java_testcases.junit.GET_FACTORS_TEST): expected:<[[3]]]]><![CDATA[> but was:<[[]]]]><![CDATA[>
test_6(java_testcases.junit.GET_FACTORS_TEST): expected:<[[17]]]]><![CDATA[> but was:<[[]]]]><![CDATA[>
test_7(java_testcases.junit.GET_FACTORS_TEST): expected:<[3,3[,7]]]]><![CDATA[> but was:<[3,3[]]]]><![CDATA[>
test_8(java_testcases.junit.GET_FACTORS_TEST): expected:<[2[,37]]]]><![CDATA[> but was:<[2[]]]]><![CDATA[>
test_9(java_testcases.junit.GET_FACTORS_TEST): expected:<[[73]]]]><![CDATA[> but was:<[[]]]]><![CDATA[>
Validating GET_FACTORS with patch: }
Test Output:
test_10(java_testcases.junit.GET_FACTORS_TEST): expected:<[3,3[,1093]]]]><![CDATA[> but was:<[3,3[]]]]><![CDATA[>
test_1(java_testcases.junit.GET_FACTORS_TEST): expected:<[2,2,5[,5]]]]><![CDATA[> but was:<[2,2,5[]]]]><![CDATA[>
test_2(java_testcases.junit.GET_FACTORS_TEST): expected:<[[101]]]]><![CDATA[> but was:<[[]]]]><![CDATA[>
test_3(java_testcases.junit.GET_FACTORS_TEST): expected:<[2,2,2[,13]]]]><![CDATA[> but was:<[2,2,2[]]]]><![CDATA[>
test_4(java_testcases.junit.GET_FACTORS_TEST): expected:<[[2]]]]><![CDATA[> but was:<[[]]]]><![CDATA[>
test_5(java_testcases.junit.GET_FACTORS_TEST): expected:<[[3]]]]><![CDATA[> but was:<[[]]]]><![CDATA[>
test_6(java_testcases.junit.GET_FACTORS_TEST): expected:<[[17]]]]><![CDATA[> but was:<[[]]]]><![CDATA[>
test_7(java_testcases.junit.GET_FACTORS_TEST): expected:<[3,3[,7]]]]><![CDATA[> but was:<[3,3[]]]]><![CDATA[>
test_8(java_testcases.junit.GET_FACTORS_TEST): expected:<[2[,37]]]]><![CDATA[> but was:<[2[]]]]><![CDATA[>
test_9(java_testcases.junit.GET_FACTORS_TEST): expected:<[[73]]]]><![CDATA[> but was:<[[]]]]><![CDATA[>
Validating GET_FACTORS with patch: }
Test Output:
test_10(java_testcases.junit.GET_FACTORS_TEST): expected:<[3,3[,1093]]]]><![CDATA[> but was:<[3,3[]]]]><![CDATA[>
test_1(java_testcases.junit.GET_FACTORS_TEST): expected:<[2,2,5[,5]]]]><![CDATA[> but was:<[2,2,5[]]]]><![CDATA[>
test_2(java_testcases.junit.GET_FACTORS_TEST): expected:<[[101]]]]><![CDATA[> but was:<[[]]]]><![CDATA[>
test_3(java_testcases.junit.GET_FACTORS_TEST): expected:<[2,2,2[,13]]]]><![CDATA[> but was:<[2,2,2[]]]]><![CDATA[>
test_4(java_testcases.junit.GET_FACTORS_TEST): expected:<[[2]]]]><![CDATA[> but was:<[[]]]]><![CDATA[>
test_5(java_testcases.junit.GET_FACTORS_TEST): expected:<[[3]]]]><![CDATA[> but was:<[[]]]]><![CDATA[>
test_6(java_testcases.junit.GET_FACTORS_TEST): expected:<[[17]]]]><![CDATA[> but was:<[[]]]]><![CDATA[>
test_7(java_testcases.junit.GET_FACTORS_TEST): expected:<[3,3[,7]]]]><![CDATA[> but was:<[3,3[]]]]><![CDATA[>
test_8(java_testcases.junit.GET_FACTORS_TEST): expected:<[2[,37]]]]><![CDATA[> but was:<[2[]]]]><![CDATA[>
test_9(java_testcases.junit.GET_FACTORS_TEST): expected:<[[73]]]]><![CDATA[> but was:<[[]]]]><![CDATA[>
Validating GET_FACTORS with patch: }
Test Output:
test_10(java_testcases.junit.GET_FACTORS_TEST): expected:<[3,3[,1093]]]]><![CDATA[> but was:<[3,3[]]]]><![CDATA[>
test_1(java_testcases.junit.GET_FACTORS_TEST): expected:<[2,2,5[,5]]]]><![CDATA[> but was:<[2,2,5[]]]]><![CDATA[>
test_2(java_testcases.junit.GET_FACTORS_TEST): expected:<[[101]]]]><![CDATA[> but was:<[[]]]]><![CDATA[>
test_3(java_testcases.junit.GET_FACTORS_TEST): expected:<[2,2,2[,13]]]]><![CDATA[> but was:<[2,2,2[]]]]><![CDATA[>
test_4(java_testcases.junit.GET_FACTORS_TEST): expected:<[[2]]]]><![CDATA[> but was:<[[]]]]><![CDATA[>
test_5(java_testcases.junit.GET_FACTORS_TEST): expected:<[[3]]]]><![CDATA[> but was:<[[]]]]><![CDATA[>
test_6(java_testcases.junit.GET_FACTORS_TEST): expected:<[[17]]]]><![CDATA[> but was:<[[]]]]><![CDATA[>
test_7(java_testcases.junit.GET_FACTORS_TEST): expected:<[3,3[,7]]]]><![CDATA[> but was:<[3,3[]]]]><![CDATA[>
test_8(java_testcases.junit.GET_FACTORS_TEST): expected:<[2[,37]]]]><![CDATA[> but was:<[2[]]]]><![CDATA[>
test_9(java_testcases.junit.GET_FACTORS_TEST): expected:<[[73]]]]><![CDATA[> but was:<[[]]]]><![CDATA[>
Validating GET_FACTORS with patch: }
Test Output:
test_10(java_testcases.junit.GET_FACTORS_TEST): expected:<[3,3[,1093]]]]><![CDATA[> but was:<[3,3[]]]]><![CDATA[>
test_1(java_testcases.junit.GET_FACTORS_TEST): expected:<[2,2,5[,5]]]]><![CDATA[> but was:<[2,2,5[]]]]><![CDATA[>
test_2(java_testcases.junit.GET_FACTORS_TEST): expected:<[[101]]]]><![CDATA[> but was:<[[]]]]><![CDATA[>
test_3(java_testcases.junit.GET_FACTORS_TEST): expected:<[2,2,2[,13]]]]><![CDATA[> but was:<[2,2,2[]]]]><![CDATA[>
test_4(java_testcases.junit.GET_FACTORS_TEST): expected:<[[2]]]]><![CDATA[> but was:<[[]]]]><![CDATA[>
test_5(java_testcases.junit.GET_FACTORS_TEST): expected:<[[3]]]]><![CDATA[> but was:<[[]]]]><![CDATA[>
test_6(java_testcases.junit.GET_FACTORS_TEST): expected:<[[17]]]]><![CDATA[> but was:<[[]]]]><![CDATA[>
test_7(java_testcases.junit.GET_FACTORS_TEST): expected:<[3,3[,7]]]]><![CDATA[> but was:<[3,3[]]]]><![CDATA[>
test_8(java_testcases.junit.GET_FACTORS_TEST): expected:<[2[,37]]]]><![CDATA[> but was:<[2[]]]]><![CDATA[>
test_9(java_testcases.junit.GET_FACTORS_TEST): expected:<[[73]]]]><![CDATA[> but was:<[[]]]]><![CDATA[>
Validating GET_FACTORS with patch: /*
Validating GET_FACTORS with patch: }
Test Output:
test_10(java_testcases.junit.GET_FACTORS_TEST): expected:<[3,3[,1093]]]]><![CDATA[> but was:<[3,3[]]]]><![CDATA[>
test_1(java_testcases.junit.GET_FACTORS_TEST): expected:<[2,2,5[,5]]]]><![CDATA[> but was:<[2,2,5[]]]]><![CDATA[>
test_2(java_testcases.junit.GET_FACTORS_TEST): expected:<[[101]]]]><![CDATA[> but was:<[[]]]]><![CDATA[>
test_3(java_testcases.junit.GET_FACTORS_TEST): expected:<[2,2,2[,13]]]]><![CDATA[> but was:<[2,2,2[]]]]><![CDATA[>
test_4(java_testcases.junit.GET_FACTORS_TEST): expected:<[[2]]]]><![CDATA[> but was:<[[]]]]><![CDATA[>
test_5(java_testcases.junit.GET_FACTORS_TEST): expected:<[[3]]]]><![CDATA[> but was:<[[]]]]><![CDATA[>
test_6(java_testcases.junit.GET_FACTORS_TEST): expected:<[[17]]]]><![CDATA[> but was:<[[]]]]><![CDATA[>
test_7(java_testcases.junit.GET_FACTORS_TEST): expected:<[3,3[,7]]]]><![CDATA[> but was:<[3,3[]]]]><![CDATA[>
test_8(java_testcases.junit.GET_FACTORS_TEST): expected:<[2[,37]]]]><![CDATA[> but was:<[2[]]]]><![CDATA[>
test_9(java_testcases.junit.GET_FACTORS_TEST): expected:<[[73]]]]><![CDATA[> but was:<[[]]]]><![CDATA[>
Validating GET_FACTORS with patch: }
Test Output:
test_10(java_testcases.junit.GET_FACTORS_TEST): expected:<[3,3[,1093]]]]><![CDATA[> but was:<[3,3[]]]]><![CDATA[>
test_1(java_testcases.junit.GET_FACTORS_TEST): expected:<[2,2,5[,5]]]]><![CDATA[> but was:<[2,2,5[]]]]><![CDATA[>
test_2(java_testcases.junit.GET_FACTORS_TEST): expected:<[[101]]]]><![CDATA[> but was:<[[]]]]><![CDATA[>
test_3(java_testcases.junit.GET_FACTORS_TEST): expected:<[2,2,2[,13]]]]><![CDATA[> but was:<[2,2,2[]]]]><![CDATA[>
test_4(java_testcases.junit.GET_FACTORS_TEST): expected:<[[2]]]]><![CDATA[> but was:<[[]]]]><![CDATA[>
test_5(java_testcases.junit.GET_FACTORS_TEST): expected:<[[3]]]]><![CDATA[> but was:<[[]]]]><![CDATA[>
test_6(java_testcases.junit.GET_FACTORS_TEST): expected:<[[17]]]]><![CDATA[> but was:<[[]]]]><![CDATA[>
test_7(java_testcases.junit.GET_FACTORS_TEST): expected:<[3,3[,7]]]]><![CDATA[> but was:<[3,3[]]]]><![CDATA[>
test_8(java_testcases.junit.GET_FACTORS_TEST): expected:<[2[,37]]]]><![CDATA[> but was:<[2[]]]]><![CDATA[>
test_9(java_testcases.junit.GET_FACTORS_TEST): expected:<[[73]]]]><![CDATA[> but was:<[[]]]]><![CDATA[>
Validating GET_FACTORS with patch: }
Test Output:
test_10(java_testcases.junit.GET_FACTORS_TEST): expected:<[3,3[,1093]]]]><![CDATA[> but was:<[3,3[]]]]><![CDATA[>
test_1(java_testcases.junit.GET_FACTORS_TEST): expected:<[2,2,5[,5]]]]><![CDATA[> but was:<[2,2,5[]]]]><![CDATA[>
test_2(java_testcases.junit.GET_FACTORS_TEST): expected:<[[101]]]]><![CDATA[> but was:<[[]]]]><![CDATA[>
test_3(java_testcases.junit.GET_FACTORS_TEST): expected:<[2,2,2[,13]]]]><![CDATA[> but was:<[2,2,2[]]]]><![CDATA[>
test_4(java_testcases.junit.GET_FACTORS_TEST): expected:<[[2]]]]><![CDATA[> but was:<[[]]]]><![CDATA[>
test_5(java_testcases.junit.GET_FACTORS_TEST): expected:<[[3]]]]><![CDATA[> but was:<[[]]]]><![CDATA[>
test_6(java_testcases.junit.GET_FACTORS_TEST): expected:<[[17]]]]><![CDATA[> but was:<[[]]]]><![CDATA[>
test_7(java_testcases.junit.GET_FACTORS_TEST): expected:<[3,3[,7]]]]><![CDATA[> but was:<[3,3[]]]]><![CDATA[>
test_8(java_testcases.junit.GET_FACTORS_TEST): expected:<[2[,37]]]]><![CDATA[> but was:<[2[]]]]><![CDATA[>
test_9(java_testcases.junit.GET_FACTORS_TEST): expected:<[[73]]]]><![CDATA[> but was:<[[]]]]><![CDATA[>
Validating HANOI with patch: /*
Validating HANOI with patch: public static void main(String[] args) {
Validating HANOI with patch: public static void main(String[] args) throws Exception {
Validating HANOI with patch: public static void main(String[] args) throws IOException {
Validating HANOI with patch: public static void main(String[] args) {     try {       java_programs();     } catch (Exception e) {       e.printStackTrace();     }   }
Validating HANOI with patch: 
Test Output:
test_0(java_testcases.junit.HANOI_TEST): expected:<[[1,[3]]]]]><![CDATA[> but was:<[[1,[2]]]]]><![CDATA[>
test_1(java_testcases.junit.HANOI_TEST): expected:<[[1,2],[[1,3],[2,3]]]]]><![CDATA[> but was:<[[1,2],[[2,1]]]]]><![CDATA[>
test_2(java_testcases.junit.HANOI_TEST): expected:<[[1,[3],[1,2],[3,2],[1,3],[2,1],[2,3],[1,3]]]]]><![CDATA[> but was:<[[1,[2],[2,1],[1,2]]]]]><![CDATA[>
test_3(java_testcases.junit.HANOI_TEST): expected:<[[1,2],[[1,3],[2,3],[1,2],[3,1],[3,2],[1,2],[1,3],[2,3],[2,1],[3,1],[2,3],[1,2],[1,3],[2,3]]]]]><![CDATA[> but was:<[[1,2],[[2,1],[1,2],[2,1]]]]]><![CDATA[>
test_4(java_testcases.junit.HANOI_TEST): expected:<[[1,3],[[1,2],[3,2]]]]]><![CDATA[> but was:<[[1,3],[[3,1]]]]]><![CDATA[>
test_5(java_testcases.junit.HANOI_TEST): expected:<[[1,2],[[1,1],[2,1]]]]]><![CDATA[> but was:<[[1,2],[[2,3]]]]]><![CDATA[>
test_6(java_testcases.junit.HANOI_TEST): expected:<[[3,2],[[3,1],[2,1]]]]]><![CDATA[> but was:<[[3,2],[[2,3]]]]]><![CDATA[>
Validating HANOI with patch: public static void main(String[] args) {     try {       int height = Integer.parseInt(args[0]);       int start = Integer.parseInt(args[1]);       int end = Integer.parseInt(args[2]);       HANOI.hanoi(height, start, end);     } catch (Exception e) {       e.printStackTrace();     }   }
Validating HANOI with patch: public static void main(String[] args) {     try {       int height = Integer.parseInt(args[0]);       int start = Integer.parseInt(args[1]);       int end = Integer.parseInt(args[2]);       HANOI.hanoi(height, start, end);     } catch (NumberFormatException e) {       e.printStackTrace();     }   }
Validating HANOI with patch: public static void main(String[] args) {     try {       int height = Integer.parseInt(args[0]);       int start = Integer.parseInt(args[1]);       int end = Integer.parseInt(args[2]);       HANOI.hanoi(height, start, end);     } catch (NumberFormatException e) {       System.err.println(e.getMessage());     }   }
Validating HANOI with patch: public static void main(String[] args) {     try {       int height = Integer.parseInt(args[0]);       int start = Integer.parseInt(args[1]);       int end = Integer.parseInt(args[2]);       int helper = Integer.parseInt(args[3]);       int first = Integer.parseInt(args[4]);       int second = Integer.parseInt(args[5]);       int third = Integer.parseInt(args[6]);       int fourth = Integer.parseInt(args[7]);       int fifth = Integer.parseInt
Validating IS_VALID_PARENTHESIZATION with patch: 
Test Output:
test_1(java_testcases.junit.IS_VALID_PARENTHESIZATION_TEST): expected:<[fals]e> but was:<[tru]e>
test_2(java_testcases.junit.IS_VALID_PARENTHESIZATION_TEST): expected:<[fals]e> but was:<[tru]e>
Validating IS_VALID_PARENTHESIZATION with patch: break;
Test Output:
test_1(java_testcases.junit.IS_VALID_PARENTHESIZATION_TEST): expected:<[fals]e> but was:<[tru]e>
test_2(java_testcases.junit.IS_VALID_PARENTHESIZATION_TEST): expected:<[fals]e> but was:<[tru]e>
Validating IS_VALID_PARENTHESIZATION with patch: return false;
Test Output:
test_1(java_testcases.junit.IS_VALID_PARENTHESIZATION_TEST): expected:<[fals]e> but was:<[tru]e>
test_2(java_testcases.junit.IS_VALID_PARENTHESIZATION_TEST): expected:<[fals]e> but was:<[tru]e>
Validating IS_VALID_PARENTHESIZATION with patch: break
Validating IS_VALID_PARENTHESIZATION with patch: return depth == 0;
Test Output:
test_1(java_testcases.junit.IS_VALID_PARENTHESIZATION_TEST): expected:<[fals]e> but was:<[tru]e>
test_2(java_testcases.junit.IS_VALID_PARENTHESIZATION_TEST): expected:<[fals]e> but was:<[tru]e>
Validating IS_VALID_PARENTHESIZATION with patch: continue;
Test Output:
test_1(java_testcases.junit.IS_VALID_PARENTHESIZATION_TEST): expected:<[fals]e> but was:<[tru]e>
test_2(java_testcases.junit.IS_VALID_PARENTHESIZATION_TEST): expected:<[fals]e> but was:<[tru]e>
Validating IS_VALID_PARENTHESIZATION with patch: return depth > 0;
Test Output:
test_1(java_testcases.junit.IS_VALID_PARENTHESIZATION_TEST): expected:<[fals]e> but was:<[tru]e>
test_2(java_testcases.junit.IS_VALID_PARENTHESIZATION_TEST): expected:<[fals]e> but was:<[tru]e>
Validating IS_VALID_PARENTHESIZATION with patch: ;
Test Output:
test_1(java_testcases.junit.IS_VALID_PARENTHESIZATION_TEST): expected:<[fals]e> but was:<[tru]e>
test_2(java_testcases.junit.IS_VALID_PARENTHESIZATION_TEST): expected:<[fals]e> but was:<[tru]e>
Validating IS_VALID_PARENTHESIZATION with patch: return depth >= 0;
Test Output:
test_1(java_testcases.junit.IS_VALID_PARENTHESIZATION_TEST): expected:<[fals]e> but was:<[tru]e>
test_2(java_testcases.junit.IS_VALID_PARENTHESIZATION_TEST): expected:<[fals]e> but was:<[tru]e>
Validating IS_VALID_PARENTHESIZATION with patch: //
Test Output:
test_1(java_testcases.junit.IS_VALID_PARENTHESIZATION_TEST): expected:<[fals]e> but was:<[tru]e>
test_2(java_testcases.junit.IS_VALID_PARENTHESIZATION_TEST): expected:<[fals]e> but was:<[tru]e>
Validating KHEAPSORT with patch: int popped = 0;
Test Output:
test_0(java_testcases.junit.KHEAPSORT_TEST): expected:<[[]1,2,3,4,5]> but was:<[[0,0,0,0,0,]1,2,3,4,5]>
test_1(java_testcases.junit.KHEAPSORT_TEST): expected:<[[1,2],3,4,5]> but was:<[[0,0,0,0,0,1,2,2,3],3,4,5]>
test_2(java_testcases.junit.KHEAPSORT_TEST): expected:<[[1,2,3,4],5]> but was:<[[0,0,0,0,0,1,2,2,3,3,4,4,5],5]>
test_3(java_testcases.junit.KHEAPSORT_TEST): expected:<[[1,3,5,6],12]> but was:<[[0,0,0,0,0,1,3,3,5,5,6,12],12]>
Validating KHEAPSORT with patch: 
Validating KHEAPSORT with patch: int popped = 0;
Test Output:
test_0(java_testcases.junit.KHEAPSORT_TEST): expected:<[[]1,2,3,4,5]> but was:<[[0,0,0,0,0,]1,2,3,4,5]>
test_1(java_testcases.junit.KHEAPSORT_TEST): expected:<[[1,2],3,4,5]> but was:<[[0,0,0,0,0,1,2,2,3],3,4,5]>
test_2(java_testcases.junit.KHEAPSORT_TEST): expected:<[[1,2,3,4],5]> but was:<[[0,0,0,0,0,1,2,2,3,3,4,4,5],5]>
test_3(java_testcases.junit.KHEAPSORT_TEST): expected:<[[1,3,5,6],12]> but was:<[[0,0,0,0,0,1,3,3,5,5,6,12],12]>
Validating KHEAPSORT with patch: pop
Validating KHEAPSORT with patch: int popped;
Validating KHEAPSORT with patch: int popped;
Validating KHEAPSORT with patch: ;
Validating KHEAPSORT with patch: pop();
Validating KHEAPSORT with patch: }
Validating KHEAPSORT with patch: int popped = k;
Test Output:
test_0(java_testcases.junit.KHEAPSORT_TEST): expected:<[[]1,2,3,4,5]> but was:<[[0,0,0,0,0,]1,2,3,4,5]>
test_1(java_testcases.junit.KHEAPSORT_TEST): expected:<[[1,2],3,4,5]> but was:<[[0,0,0,0,0,1,2,2,3],3,4,5]>
test_2(java_testcases.junit.KHEAPSORT_TEST): expected:<[[1,2,3,4],5]> but was:<[[0,0,0,0,0,1,2,2,3,3,4,4,5],5]>
test_3(java_testcases.junit.KHEAPSORT_TEST): expected:<[[1,3,5,6],12]> but was:<[[0,0,0,0,0,1,3,3,5,5,6,12],12]>
Validating KNAPSACK with patch: return value;
Test Output:
test_0(java_testcases.junit.KNAPSACK_TEST): expected:<19> but was:<10>
test_1(java_testcases.junit.KNAPSACK_TEST): expected:<30> but was:<10>
test_2(java_testcases.junit.KNAPSACK_TEST): expected:<1458> but was:<135>
test_3(java_testcases.junit.KNAPSACK_TEST): expected:<51> but was:<24>
test_4(java_testcases.junit.KNAPSACK_TEST): expected:<107> but was:<70>
test_5(java_testcases.junit.KNAPSACK_TEST): expected:<150> but was:<50>
test_6(java_testcases.junit.KNAPSACK_TEST): expected:<900> but was:<350>
test_7(java_testcases.junit.KNAPSACK_TEST): expected:<309> but was:<92>
test_8(java_testcases.junit.KNAPSACK_TEST): expected:<1735> but was:<442>
test_9(java_testcases.junit.KNAPSACK_TEST): expected:<13549094> but was:<825594>
Validating KNAPSACK with patch: return weight;
Test Output:
test_0(java_testcases.junit.KNAPSACK_TEST): expected:<19> but was:<10>
test_1(java_testcases.junit.KNAPSACK_TEST): expected:<30> but was:<10>
test_2(java_testcases.junit.KNAPSACK_TEST): expected:<1458> but was:<135>
test_3(java_testcases.junit.KNAPSACK_TEST): expected:<51> but was:<24>
test_4(java_testcases.junit.KNAPSACK_TEST): expected:<107> but was:<70>
test_5(java_testcases.junit.KNAPSACK_TEST): expected:<150> but was:<50>
test_6(java_testcases.junit.KNAPSACK_TEST): expected:<900> but was:<350>
test_7(java_testcases.junit.KNAPSACK_TEST): expected:<309> but was:<92>
test_8(java_testcases.junit.KNAPSACK_TEST): expected:<1735> but was:<442>
test_9(java_testcases.junit.KNAPSACK_TEST): expected:<13549094> but was:<825594>
Validating KNAPSACK with patch: return 0;
Test Output:
test_0(java_testcases.junit.KNAPSACK_TEST): expected:<19> but was:<10>
test_1(java_testcases.junit.KNAPSACK_TEST): expected:<30> but was:<10>
test_2(java_testcases.junit.KNAPSACK_TEST): expected:<1458> but was:<135>
test_3(java_testcases.junit.KNAPSACK_TEST): expected:<51> but was:<24>
test_4(java_testcases.junit.KNAPSACK_TEST): expected:<107> but was:<70>
test_5(java_testcases.junit.KNAPSACK_TEST): expected:<150> but was:<50>
test_6(java_testcases.junit.KNAPSACK_TEST): expected:<900> but was:<350>
test_7(java_testcases.junit.KNAPSACK_TEST): expected:<309> but was:<92>
test_8(java_testcases.junit.KNAPSACK_TEST): expected:<1735> but was:<442>
test_9(java_testcases.junit.KNAPSACK_TEST): expected:<13549094> but was:<825594>
Validating KNAPSACK with patch: return value;
Test Output:
test_0(java_testcases.junit.KNAPSACK_TEST): expected:<19> but was:<10>
test_1(java_testcases.junit.KNAPSACK_TEST): expected:<30> but was:<10>
test_2(java_testcases.junit.KNAPSACK_TEST): expected:<1458> but was:<135>
test_3(java_testcases.junit.KNAPSACK_TEST): expected:<51> but was:<24>
test_4(java_testcases.junit.KNAPSACK_TEST): expected:<107> but was:<70>
test_5(java_testcases.junit.KNAPSACK_TEST): expected:<150> but was:<50>
test_6(java_testcases.junit.KNAPSACK_TEST): expected:<900> but was:<350>
test_7(java_testcases.junit.KNAPSACK_TEST): expected:<309> but was:<92>
test_8(java_testcases.junit.KNAPSACK_TEST): expected:<1735> but was:<442>
test_9(java_testcases.junit.KNAPSACK_TEST): expected:<13549094> but was:<825594>
Validating KNAPSACK with patch: return value;
Test Output:
test_0(java_testcases.junit.KNAPSACK_TEST): expected:<19> but was:<10>
test_1(java_testcases.junit.KNAPSACK_TEST): expected:<30> but was:<10>
test_2(java_testcases.junit.KNAPSACK_TEST): expected:<1458> but was:<135>
test_3(java_testcases.junit.KNAPSACK_TEST): expected:<51> but was:<24>
test_4(java_testcases.junit.KNAPSACK_TEST): expected:<107> but was:<70>
test_5(java_testcases.junit.KNAPSACK_TEST): expected:<150> but was:<50>
test_6(java_testcases.junit.KNAPSACK_TEST): expected:<900> but was:<350>
test_7(java_testcases.junit.KNAPSACK_TEST): expected:<309> but was:<92>
test_8(java_testcases.junit.KNAPSACK_TEST): expected:<1735> but was:<442>
test_9(java_testcases.junit.KNAPSACK_TEST): expected:<13549094> but was:<825594>
Validating KNAPSACK with patch: weight++;
Test Output:
test_0(java_testcases.junit.KNAPSACK_TEST): expected:<19> but was:<10>
test_1(java_testcases.junit.KNAPSACK_TEST): expected:<30> but was:<10>
test_2(java_testcases.junit.KNAPSACK_TEST): expected:<1458> but was:<135>
test_3(java_testcases.junit.KNAPSACK_TEST): expected:<51> but was:<24>
test_4(java_testcases.junit.KNAPSACK_TEST): expected:<107> but was:<70>
test_5(java_testcases.junit.KNAPSACK_TEST): expected:<150> but was:<50>
test_6(java_testcases.junit.KNAPSACK_TEST): expected:<900> but was:<350>
test_7(java_testcases.junit.KNAPSACK_TEST): expected:<309> but was:<92>
test_8(java_testcases.junit.KNAPSACK_TEST): expected:<1735> but was:<442>
test_9(java_testcases.junit.KNAPSACK_TEST): expected:<13549094> but was:<825594>
Validating KNAPSACK with patch: return 0;
Test Output:
test_0(java_testcases.junit.KNAPSACK_TEST): expected:<19> but was:<10>
test_1(java_testcases.junit.KNAPSACK_TEST): expected:<30> but was:<10>
test_2(java_testcases.junit.KNAPSACK_TEST): expected:<1458> but was:<135>
test_3(java_testcases.junit.KNAPSACK_TEST): expected:<51> but was:<24>
test_4(java_testcases.junit.KNAPSACK_TEST): expected:<107> but was:<70>
test_5(java_testcases.junit.KNAPSACK_TEST): expected:<150> but was:<50>
test_6(java_testcases.junit.KNAPSACK_TEST): expected:<900> but was:<350>
test_7(java_testcases.junit.KNAPSACK_TEST): expected:<309> but was:<92>
test_8(java_testcases.junit.KNAPSACK_TEST): expected:<1735> but was:<442>
test_9(java_testcases.junit.KNAPSACK_TEST): expected:<13549094> but was:<825594>
Validating KNAPSACK with patch: weight = 0;
Test Output:
test_0(java_testcases.junit.KNAPSACK_TEST): expected:<19> but was:<10>
test_1(java_testcases.junit.KNAPSACK_TEST): expected:<30> but was:<10>
test_2(java_testcases.junit.KNAPSACK_TEST): expected:<1458> but was:<135>
test_3(java_testcases.junit.KNAPSACK_TEST): expected:<51> but was:<24>
test_4(java_testcases.junit.KNAPSACK_TEST): expected:<107> but was:<70>
test_5(java_testcases.junit.KNAPSACK_TEST): expected:<150> but was:<50>
test_6(java_testcases.junit.KNAPSACK_TEST): expected:<900> but was:<350>
test_7(java_testcases.junit.KNAPSACK_TEST): expected:<309> but was:<92>
test_8(java_testcases.junit.KNAPSACK_TEST): expected:<1735> but was:<442>
test_9(java_testcases.junit.KNAPSACK_TEST): expected:<13549094> but was:<825594>
Validating KNAPSACK with patch: memo[i] = weight;
Validating KNAPSACK with patch: memo[i] = value;
Validating KTH with patch: }
Validating KTH with patch: return above;
Validating KTH with patch: return above.get(k);
Test Output:
test_0(java_testcases.junit.KTH_TEST): expected:<5> but was:<6>
test_1(java_testcases.junit.KTH_TEST): Index 5 out of bounds for length 5
test_5(java_testcases.junit.KTH_TEST): expected:<6> but was:<8>
test_6(java_testcases.junit.KTH_TEST): Index 6 out of bounds for length 2
Validating KTH with patch: return null;
Test Output:
test_0(java_testcases.junit.KTH_TEST): expected:<5> but was:<6>
test_1(java_testcases.junit.KTH_TEST): Index 5 out of bounds for length 5
test_5(java_testcases.junit.KTH_TEST): expected:<6> but was:<8>
test_6(java_testcases.junit.KTH_TEST): Index 6 out of bounds for length 2
Validating KTH with patch: return above.get(k);
Test Output:
test_0(java_testcases.junit.KTH_TEST): expected:<5> but was:<6>
test_1(java_testcases.junit.KTH_TEST): Index 5 out of bounds for length 5
test_5(java_testcases.junit.KTH_TEST): expected:<6> but was:<8>
test_6(java_testcases.junit.KTH_TEST): Index 6 out of bounds for length 2
Validating KTH with patch: return 0;
Test Output:
test_0(java_testcases.junit.KTH_TEST): expected:<5> but was:<6>
test_1(java_testcases.junit.KTH_TEST): Index 5 out of bounds for length 5
test_5(java_testcases.junit.KTH_TEST): expected:<6> but was:<8>
test_6(java_testcases.junit.KTH_TEST): Index 6 out of bounds for length 2
Validating KTH with patch: return above;         }
Validating KTH with patch: return null;         }
Validating KTH with patch: return -1;
Test Output:
test_0(java_testcases.junit.KTH_TEST): expected:<5> but was:<6>
test_1(java_testcases.junit.KTH_TEST): Index 5 out of bounds for length 5
test_5(java_testcases.junit.KTH_TEST): expected:<6> but was:<8>
test_6(java_testcases.junit.KTH_TEST): Index 6 out of bounds for length 2
Validating KTH with patch: return 0;         }
Validating LCS_LENGTH with patch: public static int lcs_length(String s, String t) {
Validating LCS_LENGTH with patch: public static void main(String[] args) {
Validating LCS_LENGTH with patch: public int lcs_length(String s, String t) {
Validating LCS_LENGTH with patch: public static int lcs(String s, String t) {
Validating LCS_LENGTH with patch: public static List<Integer> lcs(String s, String t) {
Validating LCS_LENGTH with patch: public static void main(String[] args) {         try {
Validating LCS_LENGTH with patch: 
Validating LCS_LENGTH with patch: public static void main(String[] args) {         if (args.length < 2) {             System.out.println("Usage: lcs_length <s> <t>");             System.exit(-1);         }         String s = args[0];         String t = args[1];         if (s == null || t == null) {             System.out.println("Usage: lcs_length <s> <t>");             System.exit(-1);         }         try {             lcs_length(s,
Validating LCS_LENGTH with patch: public static void main(String[] args) {         if (args.length < 2) {             System.out.println("Usage: lcs_length <s> <t>");             System.exit(1);         }         String s = args[0];         String t = args[1];         if (s == null || t == null) {             System.out.println("Usage: lcs_length <s> <t>");             System.exit(1);         }         try {             lcs_length(s,
Validating LCS_LENGTH with patch: public static void main(String[] args) {         if (args.length < 2) {             System.out.println("Usage: lcs_length <s> <t>");             System.exit(-1);         }         String s = args[0];         String t = args[1];         if (s == null || t == null) {             System.out.println("Usage: lcs_length <s> <t>");             System.exit(-1);         }         if (s.length() == 0) {
Validating LEVENSHTEIN with patch: } else {
Validating LEVENSHTEIN with patch: }
Validating LEVENSHTEIN with patch: }         else {
Validating LEVENSHTEIN with patch: }
Validating LEVENSHTEIN with patch: }
Validating LEVENSHTEIN with patch: }
Validating LEVENSHTEIN with patch: }  else {
Validating LEVENSHTEIN with patch: }          else {
Validating LEVENSHTEIN with patch: }                  else {
Validating LEVENSHTEIN with patch: 
Validating LIS with patch: public static int lis(int[] arr) {
Validating LIS with patch: public static int lis() {
Validating LIS with patch: public static void main(String[] args) {
Validating LIS with patch: public static int ls(int[] arr) {
Validating LIS with patch: public static int lis(int... arr) {
Validating LIS with patch: public int lis() {
Validating LIS with patch: public static int lis() {
Validating LIS with patch: public int lis(int[] arr) {
Validating LIS with patch: public static int len(int[] arr) {
Validating LIS with patch: 
Validating LONGEST_COMMON_SUBSEQUENCE with patch: }
Validating LONGEST_COMMON_SUBSEQUENCE with patch: } else {
Test Output:
test_3(java_testcases.junit.LONGEST_COMMON_SUBSEQUENCE_TEST): expected:<t[s]itest> but was:<t[i]itest>
test_5(java_testcases.junit.LONGEST_COMMON_SUBSEQUENCE_TEST): expected:<b[cba]> but was:<b[bdab]>
test_6(java_testcases.junit.LONGEST_COMMON_SUBSEQUENCE_TEST): expected:<TAAG[]> but was:<TAAG[C]>
test_7(java_testcases.junit.LONGEST_COMMON_SUBSEQUENCE_TEST): expected:<B[CBA]> but was:<B[BDAB]>
Validating LONGEST_COMMON_SUBSEQUENCE with patch: }
Validating LONGEST_COMMON_SUBSEQUENCE with patch: }
Validating LONGEST_COMMON_SUBSEQUENCE with patch: }
Validating LONGEST_COMMON_SUBSEQUENCE with patch: }
Validating LONGEST_COMMON_SUBSEQUENCE with patch: }
Validating LONGEST_COMMON_SUBSEQUENCE with patch: }  */
Validating LONGEST_COMMON_SUBSEQUENCE with patch: }<mask5> }
Validating LONGEST_COMMON_SUBSEQUENCE with patch: 

--- Summary for UniXcoder ---
Passed: 0
Failed: 190
Buggy snippets patched correctly: 0
-------------------------------------

--- Validating CodeBERT Patches ---
Validating BITCOUNT with patch: count++;
Test Output:
test_1(java_testcases.junit.BITCOUNT_TEST): expected:<1> but was:<8>
test_2(java_testcases.junit.BITCOUNT_TEST): expected:<9> but was:<12>
test_3(java_testcases.junit.BITCOUNT_TEST): expected:<3> but was:<4>
test_4(java_testcases.junit.BITCOUNT_TEST): expected:<3> but was:<4>
test_5(java_testcases.junit.BITCOUNT_TEST): expected:<4> but was:<5>
test_6(java_testcases.junit.BITCOUNT_TEST): expected:<4> but was:<10>
test_7(java_testcases.junit.BITCOUNT_TEST): expected:<7> but was:<8>
test_8(java_testcases.junit.BITCOUNT_TEST): expected:<1> but was:<9>
Validating BITCOUNT with patch: count++;
Test Output:
test_1(java_testcases.junit.BITCOUNT_TEST): expected:<1> but was:<8>
test_2(java_testcases.junit.BITCOUNT_TEST): expected:<9> but was:<12>
test_3(java_testcases.junit.BITCOUNT_TEST): expected:<3> but was:<4>
test_4(java_testcases.junit.BITCOUNT_TEST): expected:<3> but was:<4>
test_5(java_testcases.junit.BITCOUNT_TEST): expected:<4> but was:<5>
test_6(java_testcases.junit.BITCOUNT_TEST): expected:<4> but was:<10>
test_7(java_testcases.junit.BITCOUNT_TEST): expected:<7> but was:<8>
test_8(java_testcases.junit.BITCOUNT_TEST): expected:<1> but was:<9>
Validating BITCOUNT with patch: count++;
Test Output:
test_1(java_testcases.junit.BITCOUNT_TEST): expected:<1> but was:<8>
test_2(java_testcases.junit.BITCOUNT_TEST): expected:<9> but was:<12>
test_3(java_testcases.junit.BITCOUNT_TEST): expected:<3> but was:<4>
test_4(java_testcases.junit.BITCOUNT_TEST): expected:<3> but was:<4>
test_5(java_testcases.junit.BITCOUNT_TEST): expected:<4> but was:<5>
test_6(java_testcases.junit.BITCOUNT_TEST): expected:<4> but was:<10>
test_7(java_testcases.junit.BITCOUNT_TEST): expected:<7> but was:<8>
test_8(java_testcases.junit.BITCOUNT_TEST): expected:<1> but was:<9>
Validating BITCOUNT with patch: count++;
Test Output:
test_1(java_testcases.junit.BITCOUNT_TEST): expected:<1> but was:<8>
test_2(java_testcases.junit.BITCOUNT_TEST): expected:<9> but was:<12>
test_3(java_testcases.junit.BITCOUNT_TEST): expected:<3> but was:<4>
test_4(java_testcases.junit.BITCOUNT_TEST): expected:<3> but was:<4>
test_5(java_testcases.junit.BITCOUNT_TEST): expected:<4> but was:<5>
test_6(java_testcases.junit.BITCOUNT_TEST): expected:<4> but was:<10>
test_7(java_testcases.junit.BITCOUNT_TEST): expected:<7> but was:<8>
test_8(java_testcases.junit.BITCOUNT_TEST): expected:<1> but was:<9>
Validating BITCOUNT with patch: count++;
Test Output:
test_1(java_testcases.junit.BITCOUNT_TEST): expected:<1> but was:<8>
test_2(java_testcases.junit.BITCOUNT_TEST): expected:<9> but was:<12>
test_3(java_testcases.junit.BITCOUNT_TEST): expected:<3> but was:<4>
test_4(java_testcases.junit.BITCOUNT_TEST): expected:<3> but was:<4>
test_5(java_testcases.junit.BITCOUNT_TEST): expected:<4> but was:<5>
test_6(java_testcases.junit.BITCOUNT_TEST): expected:<4> but was:<10>
test_7(java_testcases.junit.BITCOUNT_TEST): expected:<7> but was:<8>
test_8(java_testcases.junit.BITCOUNT_TEST): expected:<1> but was:<9>
Validating BITCOUNT with patch: count++;
Test Output:
test_1(java_testcases.junit.BITCOUNT_TEST): expected:<1> but was:<8>
test_2(java_testcases.junit.BITCOUNT_TEST): expected:<9> but was:<12>
test_3(java_testcases.junit.BITCOUNT_TEST): expected:<3> but was:<4>
test_4(java_testcases.junit.BITCOUNT_TEST): expected:<3> but was:<4>
test_5(java_testcases.junit.BITCOUNT_TEST): expected:<4> but was:<5>
test_6(java_testcases.junit.BITCOUNT_TEST): expected:<4> but was:<10>
test_7(java_testcases.junit.BITCOUNT_TEST): expected:<7> but was:<8>
test_8(java_testcases.junit.BITCOUNT_TEST): expected:<1> but was:<9>
Validating BITCOUNT with patch: count++;
Test Output:
test_1(java_testcases.junit.BITCOUNT_TEST): expected:<1> but was:<8>
test_2(java_testcases.junit.BITCOUNT_TEST): expected:<9> but was:<12>
test_3(java_testcases.junit.BITCOUNT_TEST): expected:<3> but was:<4>
test_4(java_testcases.junit.BITCOUNT_TEST): expected:<3> but was:<4>
test_5(java_testcases.junit.BITCOUNT_TEST): expected:<4> but was:<5>
test_6(java_testcases.junit.BITCOUNT_TEST): expected:<4> but was:<10>
test_7(java_testcases.junit.BITCOUNT_TEST): expected:<7> but was:<8>
test_8(java_testcases.junit.BITCOUNT_TEST): expected:<1> but was:<9>
Validating BITCOUNT with patch: count++;
Test Output:
test_1(java_testcases.junit.BITCOUNT_TEST): expected:<1> but was:<8>
test_2(java_testcases.junit.BITCOUNT_TEST): expected:<9> but was:<12>
test_3(java_testcases.junit.BITCOUNT_TEST): expected:<3> but was:<4>
test_4(java_testcases.junit.BITCOUNT_TEST): expected:<3> but was:<4>
test_5(java_testcases.junit.BITCOUNT_TEST): expected:<4> but was:<5>
test_6(java_testcases.junit.BITCOUNT_TEST): expected:<4> but was:<10>
test_7(java_testcases.junit.BITCOUNT_TEST): expected:<7> but was:<8>
test_8(java_testcases.junit.BITCOUNT_TEST): expected:<1> but was:<9>
Validating BITCOUNT with patch: count++;
Test Output:
test_1(java_testcases.junit.BITCOUNT_TEST): expected:<1> but was:<8>
test_2(java_testcases.junit.BITCOUNT_TEST): expected:<9> but was:<12>
test_3(java_testcases.junit.BITCOUNT_TEST): expected:<3> but was:<4>
test_4(java_testcases.junit.BITCOUNT_TEST): expected:<3> but was:<4>
test_5(java_testcases.junit.BITCOUNT_TEST): expected:<4> but was:<5>
test_6(java_testcases.junit.BITCOUNT_TEST): expected:<4> but was:<10>
test_7(java_testcases.junit.BITCOUNT_TEST): expected:<7> but was:<8>
test_8(java_testcases.junit.BITCOUNT_TEST): expected:<1> but was:<9>
Validating BITCOUNT with patch: count++;
Test Output:
test_1(java_testcases.junit.BITCOUNT_TEST): expected:<1> but was:<8>
test_2(java_testcases.junit.BITCOUNT_TEST): expected:<9> but was:<12>
test_3(java_testcases.junit.BITCOUNT_TEST): expected:<3> but was:<4>
test_4(java_testcases.junit.BITCOUNT_TEST): expected:<3> but was:<4>
test_5(java_testcases.junit.BITCOUNT_TEST): expected:<4> but was:<5>
test_6(java_testcases.junit.BITCOUNT_TEST): expected:<4> but was:<10>
test_7(java_testcases.junit.BITCOUNT_TEST): expected:<7> but was:<8>
test_8(java_testcases.junit.BITCOUNT_TEST): expected:<1> but was:<9>
Validating BREADTH_FIRST_SEARCH with patch: } else {
Validating BREADTH_FIRST_SEARCH with patch: } else {
Validating BREADTH_FIRST_SEARCH with patch: } else {
Validating BREADTH_FIRST_SEARCH with patch: } else {
Validating BREADTH_FIRST_SEARCH with patch: } else {
Validating BREADTH_FIRST_SEARCH with patch: } else {
Validating BREADTH_FIRST_SEARCH with patch: } else {
Validating BREADTH_FIRST_SEARCH with patch: } else {
Validating BREADTH_FIRST_SEARCH with patch: } else {
Validating BREADTH_FIRST_SEARCH with patch: } else {
Validating BUCKETSORT with patch: sorted_arr.addAll(Collections.nCopies(count, i));
Validating BUCKETSORT with patch: sorted_arr.addAll(Collections.nCopies(count, i));
Validating BUCKETSORT with patch: sorted_arr.addAll(Collections.nCopies(count, i));
Validating BUCKETSORT with patch: sorted_arr.addAll(Collections.nCopies(count, i));
Validating BUCKETSORT with patch: sorted_arr.addAll(Collections.nCopies(count, i));
Validating BUCKETSORT with patch: sorted_arr.addAll(Collections.nCopies(count, i));
Validating BUCKETSORT with patch: sorted_arr.addAll(Collections.nCopies(count, i));
Validating BUCKETSORT with patch: sorted_arr.addAll(Collections.nCopies(count, i));
Validating BUCKETSORT with patch: sorted_arr.addAll(Collections.nCopies(count, i));
Validating BUCKETSORT with patch: sorted_arr.addAll(Collections.nCopies(count, i));
Validating DEPTH_FIRST_SEARCH with patch: if (search(successornodes)) { return true; }
Validating DEPTH_FIRST_SEARCH with patch: if (search(successornodes)) { return true; }
Validating DEPTH_FIRST_SEARCH with patch: if (search(successornodes)) { return true; }
Validating DEPTH_FIRST_SEARCH with patch: if (search(successornodes)) { return true; }
Validating DEPTH_FIRST_SEARCH with patch: if (search(successornodes)) { return true; }
Validating DEPTH_FIRST_SEARCH with patch: if (search(successornodes)) { return true; }
Validating DEPTH_FIRST_SEARCH with patch: if (search(successornodes)) { return true; }
Validating DEPTH_FIRST_SEARCH with patch: if (search(successornodes)) { return true; }
Validating DEPTH_FIRST_SEARCH with patch: if (search(successornodes)) { return true; }
Validating DEPTH_FIRST_SEARCH with patch: if (search(successornodes)) { return true; }
Validating DETECT_CYCLE with patch: if (hare == tortoise)
Test Output:
test4(java_testcases.junit.DETECT_CYCLE_TEST): Cannot invoke "java_programs.Node.getSuccessor()" because "<local1>" is null
Validating DETECT_CYCLE with patch: if (hare == tortoise)
Test Output:
test4(java_testcases.junit.DETECT_CYCLE_TEST): Cannot invoke "java_programs.Node.getSuccessor()" because "<local1>" is null
Validating DETECT_CYCLE with patch: if (hare == tortoise)
Test Output:
test4(java_testcases.junit.DETECT_CYCLE_TEST): Cannot invoke "java_programs.Node.getSuccessor()" because "<local1>" is null
Validating DETECT_CYCLE with patch: if (hare == tortoise)
Test Output:
test4(java_testcases.junit.DETECT_CYCLE_TEST): Cannot invoke "java_programs.Node.getSuccessor()" because "<local1>" is null
Validating DETECT_CYCLE with patch: if (hare == tortoise)
Test Output:
test4(java_testcases.junit.DETECT_CYCLE_TEST): Cannot invoke "java_programs.Node.getSuccessor()" because "<local1>" is null
Validating DETECT_CYCLE with patch: if (hare == tortoise)
Test Output:
test4(java_testcases.junit.DETECT_CYCLE_TEST): Cannot invoke "java_programs.Node.getSuccessor()" because "<local1>" is null
Validating DETECT_CYCLE with patch: if (hare == tortoise)
Test Output:
test4(java_testcases.junit.DETECT_CYCLE_TEST): Cannot invoke "java_programs.Node.getSuccessor()" because "<local1>" is null
Validating DETECT_CYCLE with patch: if (hare == tortoise)
Test Output:
test4(java_testcases.junit.DETECT_CYCLE_TEST): Cannot invoke "java_programs.Node.getSuccessor()" because "<local1>" is null
Validating DETECT_CYCLE with patch: if (hare == tortoise)
Test Output:
test4(java_testcases.junit.DETECT_CYCLE_TEST): Cannot invoke "java_programs.Node.getSuccessor()" because "<local1>" is null
Validating DETECT_CYCLE with patch: if (hare == tortoise)
Test Output:
test4(java_testcases.junit.DETECT_CYCLE_TEST): Cannot invoke "java_programs.Node.getSuccessor()" because "<local1>" is null
Validating FIND_FIRST_IN_SORTED with patch: } else if (x <= arr[mid]) {
Test Output:
test_0(java_testcases.junit.FIND_FIRST_IN_SORTED_TEST): test timed out after 3000 milliseconds
test_1(java_testcases.junit.FIND_FIRST_IN_SORTED_TEST): Index 7 out of bounds for length 7
test_2(java_testcases.junit.FIND_FIRST_IN_SORTED_TEST): test timed out after 3000 milliseconds
test_3(java_testcases.junit.FIND_FIRST_IN_SORTED_TEST): test timed out after 3000 milliseconds
test_4(java_testcases.junit.FIND_FIRST_IN_SORTED_TEST): test timed out after 3000 milliseconds
test_5(java_testcases.junit.FIND_FIRST_IN_SORTED_TEST): test timed out after 3000 milliseconds
test_6(java_testcases.junit.FIND_FIRST_IN_SORTED_TEST): test timed out after 3000 milliseconds
Validating FIND_FIRST_IN_SORTED with patch: } else if (x <= arr[mid]) {
Test Output:
test_0(java_testcases.junit.FIND_FIRST_IN_SORTED_TEST): test timed out after 3000 milliseconds
test_1(java_testcases.junit.FIND_FIRST_IN_SORTED_TEST): Index 7 out of bounds for length 7
test_2(java_testcases.junit.FIND_FIRST_IN_SORTED_TEST): test timed out after 3000 milliseconds
test_3(java_testcases.junit.FIND_FIRST_IN_SORTED_TEST): test timed out after 3000 milliseconds
test_4(java_testcases.junit.FIND_FIRST_IN_SORTED_TEST): test timed out after 3000 milliseconds
test_5(java_testcases.junit.FIND_FIRST_IN_SORTED_TEST): test timed out after 3000 milliseconds
test_6(java_testcases.junit.FIND_FIRST_IN_SORTED_TEST): test timed out after 3000 milliseconds
Validating FIND_FIRST_IN_SORTED with patch: } else if (x <= arr[mid]) {
Test Output:
test_0(java_testcases.junit.FIND_FIRST_IN_SORTED_TEST): test timed out after 3000 milliseconds
test_1(java_testcases.junit.FIND_FIRST_IN_SORTED_TEST): null
test_2(java_testcases.junit.FIND_FIRST_IN_SORTED_TEST): test timed out after 3000 milliseconds
test_3(java_testcases.junit.FIND_FIRST_IN_SORTED_TEST): test timed out after 3000 milliseconds
test_4(java_testcases.junit.FIND_FIRST_IN_SORTED_TEST): test timed out after 3000 milliseconds
test_5(java_testcases.junit.FIND_FIRST_IN_SORTED_TEST): test timed out after 3000 milliseconds
test_6(java_testcases.junit.FIND_FIRST_IN_SORTED_TEST): test timed out after 3000 milliseconds
Validating FIND_FIRST_IN_SORTED with patch: } else if (x <= arr[mid]) {
Test Output:
test_0(java_testcases.junit.FIND_FIRST_IN_SORTED_TEST): test timed out after 3000 milliseconds
test_1(java_testcases.junit.FIND_FIRST_IN_SORTED_TEST): null
test_2(java_testcases.junit.FIND_FIRST_IN_SORTED_TEST): test timed out after 3000 milliseconds
test_3(java_testcases.junit.FIND_FIRST_IN_SORTED_TEST): test timed out after 3000 milliseconds
test_4(java_testcases.junit.FIND_FIRST_IN_SORTED_TEST): test timed out after 3000 milliseconds
test_5(java_testcases.junit.FIND_FIRST_IN_SORTED_TEST): test timed out after 3000 milliseconds
test_6(java_testcases.junit.FIND_FIRST_IN_SORTED_TEST): test timed out after 3000 milliseconds
Validating FIND_FIRST_IN_SORTED with patch: } else if (x <= arr[mid]) {
Test Output:
test_0(java_testcases.junit.FIND_FIRST_IN_SORTED_TEST): test timed out after 3000 milliseconds
test_1(java_testcases.junit.FIND_FIRST_IN_SORTED_TEST): null
test_2(java_testcases.junit.FIND_FIRST_IN_SORTED_TEST): test timed out after 3000 milliseconds
test_3(java_testcases.junit.FIND_FIRST_IN_SORTED_TEST): test timed out after 3000 milliseconds
test_4(java_testcases.junit.FIND_FIRST_IN_SORTED_TEST): test timed out after 3000 milliseconds
test_5(java_testcases.junit.FIND_FIRST_IN_SORTED_TEST): test timed out after 3000 milliseconds
test_6(java_testcases.junit.FIND_FIRST_IN_SORTED_TEST): test timed out after 3000 milliseconds
Validating FIND_FIRST_IN_SORTED with patch: } else if (x <= arr[mid]) {
Test Output:
test_0(java_testcases.junit.FIND_FIRST_IN_SORTED_TEST): test timed out after 3000 milliseconds
test_1(java_testcases.junit.FIND_FIRST_IN_SORTED_TEST): null
test_2(java_testcases.junit.FIND_FIRST_IN_SORTED_TEST): test timed out after 3000 milliseconds
test_3(java_testcases.junit.FIND_FIRST_IN_SORTED_TEST): test timed out after 3000 milliseconds
test_4(java_testcases.junit.FIND_FIRST_IN_SORTED_TEST): test timed out after 3000 milliseconds
test_5(java_testcases.junit.FIND_FIRST_IN_SORTED_TEST): test timed out after 3000 milliseconds
test_6(java_testcases.junit.FIND_FIRST_IN_SORTED_TEST): test timed out after 3000 milliseconds
Validating FIND_FIRST_IN_SORTED with patch: } else if (x <= arr[mid]) {
Test Output:
test_0(java_testcases.junit.FIND_FIRST_IN_SORTED_TEST): test timed out after 3000 milliseconds
test_1(java_testcases.junit.FIND_FIRST_IN_SORTED_TEST): null
test_2(java_testcases.junit.FIND_FIRST_IN_SORTED_TEST): test timed out after 3000 milliseconds
test_3(java_testcases.junit.FIND_FIRST_IN_SORTED_TEST): test timed out after 3000 milliseconds
test_4(java_testcases.junit.FIND_FIRST_IN_SORTED_TEST): test timed out after 3000 milliseconds
test_5(java_testcases.junit.FIND_FIRST_IN_SORTED_TEST): test timed out after 3000 milliseconds
test_6(java_testcases.junit.FIND_FIRST_IN_SORTED_TEST): test timed out after 3000 milliseconds
Validating FIND_FIRST_IN_SORTED with patch: } else if (x <= arr[mid]) {
Test Output:
test_0(java_testcases.junit.FIND_FIRST_IN_SORTED_TEST): test timed out after 3000 milliseconds
test_1(java_testcases.junit.FIND_FIRST_IN_SORTED_TEST): null
test_2(java_testcases.junit.FIND_FIRST_IN_SORTED_TEST): test timed out after 3000 milliseconds
test_3(java_testcases.junit.FIND_FIRST_IN_SORTED_TEST): test timed out after 3000 milliseconds
test_4(java_testcases.junit.FIND_FIRST_IN_SORTED_TEST): test timed out after 3000 milliseconds
test_5(java_testcases.junit.FIND_FIRST_IN_SORTED_TEST): test timed out after 3000 milliseconds
test_6(java_testcases.junit.FIND_FIRST_IN_SORTED_TEST): test timed out after 3000 milliseconds
Validating FIND_FIRST_IN_SORTED with patch: } else if (x <= arr[mid]) {
Test Output:
test_0(java_testcases.junit.FIND_FIRST_IN_SORTED_TEST): test timed out after 3000 milliseconds
test_1(java_testcases.junit.FIND_FIRST_IN_SORTED_TEST): null
test_2(java_testcases.junit.FIND_FIRST_IN_SORTED_TEST): test timed out after 3000 milliseconds
test_3(java_testcases.junit.FIND_FIRST_IN_SORTED_TEST): test timed out after 3000 milliseconds
test_4(java_testcases.junit.FIND_FIRST_IN_SORTED_TEST): test timed out after 3000 milliseconds
test_5(java_testcases.junit.FIND_FIRST_IN_SORTED_TEST): test timed out after 3000 milliseconds
test_6(java_testcases.junit.FIND_FIRST_IN_SORTED_TEST): test timed out after 3000 milliseconds
Validating FIND_FIRST_IN_SORTED with patch: } else if (x <= arr[mid]) {
Test Output:
test_0(java_testcases.junit.FIND_FIRST_IN_SORTED_TEST): test timed out after 3000 milliseconds
test_1(java_testcases.junit.FIND_FIRST_IN_SORTED_TEST): null
test_2(java_testcases.junit.FIND_FIRST_IN_SORTED_TEST): test timed out after 3000 milliseconds
test_3(java_testcases.junit.FIND_FIRST_IN_SORTED_TEST): test timed out after 3000 milliseconds
test_4(java_testcases.junit.FIND_FIRST_IN_SORTED_TEST): test timed out after 3000 milliseconds
test_5(java_testcases.junit.FIND_FIRST_IN_SORTED_TEST): test timed out after 3000 milliseconds
test_6(java_testcases.junit.FIND_FIRST_IN_SORTED_TEST): test timed out after 3000 milliseconds
Validating FIND_IN_SORTED with patch: } else if (x > arr[mid]) {
Validating FIND_IN_SORTED with patch: } else if (x > arr[mid]) {
Validating FIND_IN_SORTED with patch: } else if (x > arr[mid]) {
Validating FIND_IN_SORTED with patch: } else if (x > arr[mid]) {
Validating FIND_IN_SORTED with patch: } else if (x > arr[mid]) {
Validating FIND_IN_SORTED with patch: } else if (x > arr[mid]) {
Validating FIND_IN_SORTED with patch: } else if (x > arr[mid]) {
Validating FIND_IN_SORTED with patch: } else if (x > arr[mid]) {
Validating FIND_IN_SORTED with patch: } else if (x > arr[mid]) {
Validating FIND_IN_SORTED with patch: } else if (x > arr[mid]) {
Validating FLATTEN with patch: return result;
Validating FLATTEN with patch: return result;
Validating FLATTEN with patch: return result;
Validating FLATTEN with patch: return result;
Validating FLATTEN with patch: return result;
Validating FLATTEN with patch: return result;
Validating FLATTEN with patch: return result;
Validating FLATTEN with patch: return result;
Validating FLATTEN with patch: return result;
Validating FLATTEN with patch: return result;
Validating GCD with patch: return gcd(a % b, b);
Validating GCD with patch: return gcd(a % b, b);
Validating GCD with patch: return gcd(a % b, b);
Validating GCD with patch: return gcd(a % b, b);
Validating GCD with patch: return gcd(a % b, b);
Validating GCD with patch: return gcd(a % b, b);
Validating GCD with patch: return gcd(a % b, b);
Validating GCD with patch: return gcd(a % b, b);
Validating GCD with patch: return gcd(a % b, b);
Validating GCD with patch: return gcd(a % b, b);
Validating GET_FACTORS with patch: }
Test Output:
test_10(java_testcases.junit.GET_FACTORS_TEST): expected:<[3,3[,1093]]]]><![CDATA[> but was:<[3,3[]]]]><![CDATA[>
test_1(java_testcases.junit.GET_FACTORS_TEST): expected:<[2,2,5[,5]]]]><![CDATA[> but was:<[2,2,5[]]]]><![CDATA[>
test_2(java_testcases.junit.GET_FACTORS_TEST): expected:<[[101]]]]><![CDATA[> but was:<[[]]]]><![CDATA[>
test_3(java_testcases.junit.GET_FACTORS_TEST): expected:<[2,2,2[,13]]]]><![CDATA[> but was:<[2,2,2[]]]]><![CDATA[>
test_4(java_testcases.junit.GET_FACTORS_TEST): expected:<[[2]]]]><![CDATA[> but was:<[[]]]]><![CDATA[>
test_5(java_testcases.junit.GET_FACTORS_TEST): expected:<[[3]]]]><![CDATA[> but was:<[[]]]]><![CDATA[>
test_6(java_testcases.junit.GET_FACTORS_TEST): expected:<[[17]]]]><![CDATA[> but was:<[[]]]]><![CDATA[>
test_7(java_testcases.junit.GET_FACTORS_TEST): expected:<[3,3[,7]]]]><![CDATA[> but was:<[3,3[]]]]><![CDATA[>
test_8(java_testcases.junit.GET_FACTORS_TEST): expected:<[2[,37]]]]><![CDATA[> but was:<[2[]]]]><![CDATA[>
test_9(java_testcases.junit.GET_FACTORS_TEST): expected:<[[73]]]]><![CDATA[> but was:<[[]]]]><![CDATA[>
Validating GET_FACTORS with patch: }
Test Output:
test_10(java_testcases.junit.GET_FACTORS_TEST): expected:<[3,3[,1093]]]]><![CDATA[> but was:<[3,3[]]]]><![CDATA[>
test_1(java_testcases.junit.GET_FACTORS_TEST): expected:<[2,2,5[,5]]]]><![CDATA[> but was:<[2,2,5[]]]]><![CDATA[>
test_2(java_testcases.junit.GET_FACTORS_TEST): expected:<[[101]]]]><![CDATA[> but was:<[[]]]]><![CDATA[>
test_3(java_testcases.junit.GET_FACTORS_TEST): expected:<[2,2,2[,13]]]]><![CDATA[> but was:<[2,2,2[]]]]><![CDATA[>
test_4(java_testcases.junit.GET_FACTORS_TEST): expected:<[[2]]]]><![CDATA[> but was:<[[]]]]><![CDATA[>
test_5(java_testcases.junit.GET_FACTORS_TEST): expected:<[[3]]]]><![CDATA[> but was:<[[]]]]><![CDATA[>
test_6(java_testcases.junit.GET_FACTORS_TEST): expected:<[[17]]]]><![CDATA[> but was:<[[]]]]><![CDATA[>
test_7(java_testcases.junit.GET_FACTORS_TEST): expected:<[3,3[,7]]]]><![CDATA[> but was:<[3,3[]]]]><![CDATA[>
test_8(java_testcases.junit.GET_FACTORS_TEST): expected:<[2[,37]]]]><![CDATA[> but was:<[2[]]]]><![CDATA[>
test_9(java_testcases.junit.GET_FACTORS_TEST): expected:<[[73]]]]><![CDATA[> but was:<[[]]]]><![CDATA[>
Validating GET_FACTORS with patch: }
Test Output:
test_10(java_testcases.junit.GET_FACTORS_TEST): expected:<[3,3[,1093]]]]><![CDATA[> but was:<[3,3[]]]]><![CDATA[>
test_1(java_testcases.junit.GET_FACTORS_TEST): expected:<[2,2,5[,5]]]]><![CDATA[> but was:<[2,2,5[]]]]><![CDATA[>
test_2(java_testcases.junit.GET_FACTORS_TEST): expected:<[[101]]]]><![CDATA[> but was:<[[]]]]><![CDATA[>
test_3(java_testcases.junit.GET_FACTORS_TEST): expected:<[2,2,2[,13]]]]><![CDATA[> but was:<[2,2,2[]]]]><![CDATA[>
test_4(java_testcases.junit.GET_FACTORS_TEST): expected:<[[2]]]]><![CDATA[> but was:<[[]]]]><![CDATA[>
test_5(java_testcases.junit.GET_FACTORS_TEST): expected:<[[3]]]]><![CDATA[> but was:<[[]]]]><![CDATA[>
test_6(java_testcases.junit.GET_FACTORS_TEST): expected:<[[17]]]]><![CDATA[> but was:<[[]]]]><![CDATA[>
test_7(java_testcases.junit.GET_FACTORS_TEST): expected:<[3,3[,7]]]]><![CDATA[> but was:<[3,3[]]]]><![CDATA[>
test_8(java_testcases.junit.GET_FACTORS_TEST): expected:<[2[,37]]]]><![CDATA[> but was:<[2[]]]]><![CDATA[>
test_9(java_testcases.junit.GET_FACTORS_TEST): expected:<[[73]]]]><![CDATA[> but was:<[[]]]]><![CDATA[>
Validating GET_FACTORS with patch: }
Test Output:
test_10(java_testcases.junit.GET_FACTORS_TEST): expected:<[3,3[,1093]]]]><![CDATA[> but was:<[3,3[]]]]><![CDATA[>
test_1(java_testcases.junit.GET_FACTORS_TEST): expected:<[2,2,5[,5]]]]><![CDATA[> but was:<[2,2,5[]]]]><![CDATA[>
test_2(java_testcases.junit.GET_FACTORS_TEST): expected:<[[101]]]]><![CDATA[> but was:<[[]]]]><![CDATA[>
test_3(java_testcases.junit.GET_FACTORS_TEST): expected:<[2,2,2[,13]]]]><![CDATA[> but was:<[2,2,2[]]]]><![CDATA[>
test_4(java_testcases.junit.GET_FACTORS_TEST): expected:<[[2]]]]><![CDATA[> but was:<[[]]]]><![CDATA[>
test_5(java_testcases.junit.GET_FACTORS_TEST): expected:<[[3]]]]><![CDATA[> but was:<[[]]]]><![CDATA[>
test_6(java_testcases.junit.GET_FACTORS_TEST): expected:<[[17]]]]><![CDATA[> but was:<[[]]]]><![CDATA[>
test_7(java_testcases.junit.GET_FACTORS_TEST): expected:<[3,3[,7]]]]><![CDATA[> but was:<[3,3[]]]]><![CDATA[>
test_8(java_testcases.junit.GET_FACTORS_TEST): expected:<[2[,37]]]]><![CDATA[> but was:<[2[]]]]><![CDATA[>
test_9(java_testcases.junit.GET_FACTORS_TEST): expected:<[[73]]]]><![CDATA[> but was:<[[]]]]><![CDATA[>
Validating GET_FACTORS with patch: }
Test Output:
test_10(java_testcases.junit.GET_FACTORS_TEST): expected:<[3,3[,1093]]]]><![CDATA[> but was:<[3,3[]]]]><![CDATA[>
test_1(java_testcases.junit.GET_FACTORS_TEST): expected:<[2,2,5[,5]]]]><![CDATA[> but was:<[2,2,5[]]]]><![CDATA[>
test_2(java_testcases.junit.GET_FACTORS_TEST): expected:<[[101]]]]><![CDATA[> but was:<[[]]]]><![CDATA[>
test_3(java_testcases.junit.GET_FACTORS_TEST): expected:<[2,2,2[,13]]]]><![CDATA[> but was:<[2,2,2[]]]]><![CDATA[>
test_4(java_testcases.junit.GET_FACTORS_TEST): expected:<[[2]]]]><![CDATA[> but was:<[[]]]]><![CDATA[>
test_5(java_testcases.junit.GET_FACTORS_TEST): expected:<[[3]]]]><![CDATA[> but was:<[[]]]]><![CDATA[>
test_6(java_testcases.junit.GET_FACTORS_TEST): expected:<[[17]]]]><![CDATA[> but was:<[[]]]]><![CDATA[>
test_7(java_testcases.junit.GET_FACTORS_TEST): expected:<[3,3[,7]]]]><![CDATA[> but was:<[3,3[]]]]><![CDATA[>
test_8(java_testcases.junit.GET_FACTORS_TEST): expected:<[2[,37]]]]><![CDATA[> but was:<[2[]]]]><![CDATA[>
test_9(java_testcases.junit.GET_FACTORS_TEST): expected:<[[73]]]]><![CDATA[> but was:<[[]]]]><![CDATA[>
Validating GET_FACTORS with patch: }
Test Output:
test_10(java_testcases.junit.GET_FACTORS_TEST): expected:<[3,3[,1093]]]]><![CDATA[> but was:<[3,3[]]]]><![CDATA[>
test_1(java_testcases.junit.GET_FACTORS_TEST): expected:<[2,2,5[,5]]]]><![CDATA[> but was:<[2,2,5[]]]]><![CDATA[>
test_2(java_testcases.junit.GET_FACTORS_TEST): expected:<[[101]]]]><![CDATA[> but was:<[[]]]]><![CDATA[>
test_3(java_testcases.junit.GET_FACTORS_TEST): expected:<[2,2,2[,13]]]]><![CDATA[> but was:<[2,2,2[]]]]><![CDATA[>
test_4(java_testcases.junit.GET_FACTORS_TEST): expected:<[[2]]]]><![CDATA[> but was:<[[]]]]><![CDATA[>
test_5(java_testcases.junit.GET_FACTORS_TEST): expected:<[[3]]]]><![CDATA[> but was:<[[]]]]><![CDATA[>
test_6(java_testcases.junit.GET_FACTORS_TEST): expected:<[[17]]]]><![CDATA[> but was:<[[]]]]><![CDATA[>
test_7(java_testcases.junit.GET_FACTORS_TEST): expected:<[3,3[,7]]]]><![CDATA[> but was:<[3,3[]]]]><![CDATA[>
test_8(java_testcases.junit.GET_FACTORS_TEST): expected:<[2[,37]]]]><![CDATA[> but was:<[2[]]]]><![CDATA[>
test_9(java_testcases.junit.GET_FACTORS_TEST): expected:<[[73]]]]><![CDATA[> but was:<[[]]]]><![CDATA[>
Validating GET_FACTORS with patch: }
Test Output:
test_10(java_testcases.junit.GET_FACTORS_TEST): expected:<[3,3[,1093]]]]><![CDATA[> but was:<[3,3[]]]]><![CDATA[>
test_1(java_testcases.junit.GET_FACTORS_TEST): expected:<[2,2,5[,5]]]]><![CDATA[> but was:<[2,2,5[]]]]><![CDATA[>
test_2(java_testcases.junit.GET_FACTORS_TEST): expected:<[[101]]]]><![CDATA[> but was:<[[]]]]><![CDATA[>
test_3(java_testcases.junit.GET_FACTORS_TEST): expected:<[2,2,2[,13]]]]><![CDATA[> but was:<[2,2,2[]]]]><![CDATA[>
test_4(java_testcases.junit.GET_FACTORS_TEST): expected:<[[2]]]]><![CDATA[> but was:<[[]]]]><![CDATA[>
test_5(java_testcases.junit.GET_FACTORS_TEST): expected:<[[3]]]]><![CDATA[> but was:<[[]]]]><![CDATA[>
test_6(java_testcases.junit.GET_FACTORS_TEST): expected:<[[17]]]]><![CDATA[> but was:<[[]]]]><![CDATA[>
test_7(java_testcases.junit.GET_FACTORS_TEST): expected:<[3,3[,7]]]]><![CDATA[> but was:<[3,3[]]]]><![CDATA[>
test_8(java_testcases.junit.GET_FACTORS_TEST): expected:<[2[,37]]]]><![CDATA[> but was:<[2[]]]]><![CDATA[>
test_9(java_testcases.junit.GET_FACTORS_TEST): expected:<[[73]]]]><![CDATA[> but was:<[[]]]]><![CDATA[>
Validating GET_FACTORS with patch: }
Test Output:
test_10(java_testcases.junit.GET_FACTORS_TEST): expected:<[3,3[,1093]]]]><![CDATA[> but was:<[3,3[]]]]><![CDATA[>
test_1(java_testcases.junit.GET_FACTORS_TEST): expected:<[2,2,5[,5]]]]><![CDATA[> but was:<[2,2,5[]]]]><![CDATA[>
test_2(java_testcases.junit.GET_FACTORS_TEST): expected:<[[101]]]]><![CDATA[> but was:<[[]]]]><![CDATA[>
test_3(java_testcases.junit.GET_FACTORS_TEST): expected:<[2,2,2[,13]]]]><![CDATA[> but was:<[2,2,2[]]]]><![CDATA[>
test_4(java_testcases.junit.GET_FACTORS_TEST): expected:<[[2]]]]><![CDATA[> but was:<[[]]]]><![CDATA[>
test_5(java_testcases.junit.GET_FACTORS_TEST): expected:<[[3]]]]><![CDATA[> but was:<[[]]]]><![CDATA[>
test_6(java_testcases.junit.GET_FACTORS_TEST): expected:<[[17]]]]><![CDATA[> but was:<[[]]]]><![CDATA[>
test_7(java_testcases.junit.GET_FACTORS_TEST): expected:<[3,3[,7]]]]><![CDATA[> but was:<[3,3[]]]]><![CDATA[>
test_8(java_testcases.junit.GET_FACTORS_TEST): expected:<[2[,37]]]]><![CDATA[> but was:<[2[]]]]><![CDATA[>
test_9(java_testcases.junit.GET_FACTORS_TEST): expected:<[[73]]]]><![CDATA[> but was:<[[]]]]><![CDATA[>
Validating GET_FACTORS with patch: }
Test Output:
test_10(java_testcases.junit.GET_FACTORS_TEST): expected:<[3,3[,1093]]]]><![CDATA[> but was:<[3,3[]]]]><![CDATA[>
test_1(java_testcases.junit.GET_FACTORS_TEST): expected:<[2,2,5[,5]]]]><![CDATA[> but was:<[2,2,5[]]]]><![CDATA[>
test_2(java_testcases.junit.GET_FACTORS_TEST): expected:<[[101]]]]><![CDATA[> but was:<[[]]]]><![CDATA[>
test_3(java_testcases.junit.GET_FACTORS_TEST): expected:<[2,2,2[,13]]]]><![CDATA[> but was:<[2,2,2[]]]]><![CDATA[>
test_4(java_testcases.junit.GET_FACTORS_TEST): expected:<[[2]]]]><![CDATA[> but was:<[[]]]]><![CDATA[>
test_5(java_testcases.junit.GET_FACTORS_TEST): expected:<[[3]]]]><![CDATA[> but was:<[[]]]]><![CDATA[>
test_6(java_testcases.junit.GET_FACTORS_TEST): expected:<[[17]]]]><![CDATA[> but was:<[[]]]]><![CDATA[>
test_7(java_testcases.junit.GET_FACTORS_TEST): expected:<[3,3[,7]]]]><![CDATA[> but was:<[3,3[]]]]><![CDATA[>
test_8(java_testcases.junit.GET_FACTORS_TEST): expected:<[2[,37]]]]><![CDATA[> but was:<[2[]]]]><![CDATA[>
test_9(java_testcases.junit.GET_FACTORS_TEST): expected:<[[73]]]]><![CDATA[> but was:<[[]]]]><![CDATA[>
Validating GET_FACTORS with patch: }
Test Output:
test_10(java_testcases.junit.GET_FACTORS_TEST): expected:<[3,3[,1093]]]]><![CDATA[> but was:<[3,3[]]]]><![CDATA[>
[...]
  location: class KHEAPSORT
/Users/manwiacharya/GAMMA/patchGeneration/QuixBugs/java_programs/KHEAPSORT.java:30: error: cannot find symbol
            output.add(popped);
                       ^
  symbol:   variable popped
  location: class KHEAPSORT
Note: /Users/manwiacharya/GAMMA/fixer-demo/src/test/java/java_testcases/junit/KHEAPSORT_TEST.java uses unchecked or unsafe operations.
Note: Recompile with -Xlint:unchecked for details.
2 errors
Compilation failed for KHEAPSORT
/Users/manwiacharya/GAMMA/patchGeneration/QuixBugs/java_programs/KHEAPSORT.java:29: error: cannot find symbol
output.add(popped);
           ^
  symbol:   variable popped
  location: class KHEAPSORT
/Users/manwiacharya/GAMMA/patchGeneration/QuixBugs/java_programs/KHEAPSORT.java:30: error: cannot find symbol
            output.add(popped);
                       ^
  symbol:   variable popped
  location: class KHEAPSORT
Note: /Users/manwiacharya/GAMMA/fixer-demo/src/test/java/java_testcases/junit/KHEAPSORT_TEST.java uses unchecked or unsafe operations.
Note: Recompile with -Xlint:unchecked for details.
2 errors
Compilation failed for KHEAPSORT
/Users/manwiacharya/GAMMA/patchGeneration/QuixBugs/java_programs/KHEAPSORT.java:29: error: cannot find symbol
output.add(popped);
           ^
  symbol:   variable popped
  location: class KHEAPSORT
/Users/manwiacharya/GAMMA/patchGeneration/QuixBugs/java_programs/KHEAPSORT.java:30: error: cannot find symbol
            output.add(popped);
                       ^
  symbol:   variable popped
  location: class KHEAPSORT
Note: /Users/manwiacharya/GAMMA/fixer-demo/src/test/java/java_testcases/junit/KHEAPSORT_TEST.java uses unchecked or unsafe operations.
Note: Recompile with -Xlint:unchecked for details.
2 errors
Compilation failed for KHEAPSORT
/Users/manwiacharya/GAMMA/patchGeneration/QuixBugs/java_programs/KNAPSACK.java:33: error: 'else' without 'if'
                else {
                ^
/Users/manwiacharya/GAMMA/patchGeneration/QuixBugs/java_programs/KNAPSACK.java:39: error: statements not expected outside of methods and initializers
        return memo[n][capacity];
        ^
/Users/manwiacharya/GAMMA/patchGeneration/QuixBugs/java_programs/KNAPSACK.java:42: error: class, interface, enum, or record expected
}
^
3 errors
Compilation failed for KNAPSACK
/Users/manwiacharya/GAMMA/patchGeneration/QuixBugs/java_programs/KNAPSACK.java:33: error: 'else' without 'if'
                else {
                ^
/Users/manwiacharya/GAMMA/patchGeneration/QuixBugs/java_programs/KNAPSACK.java:39: error: statements not expected outside of methods and initializers
        return memo[n][capacity];
        ^
/Users/manwiacharya/GAMMA/patchGeneration/QuixBugs/java_programs/KNAPSACK.java:42: error: class, interface, enum, or record expected
}
^
3 errors
Compilation failed for KNAPSACK
/Users/manwiacharya/GAMMA/patchGeneration/QuixBugs/java_programs/KNAPSACK.java:33: error: 'else' without 'if'
                else {
                ^
/Users/manwiacharya/GAMMA/patchGeneration/QuixBugs/java_programs/KNAPSACK.java:39: error: statements not expected outside of methods and initializers
        return memo[n][capacity];
        ^
/Users/manwiacharya/GAMMA/patchGeneration/QuixBugs/java_programs/KNAPSACK.java:42: error: class, interface, enum, or record expected
}
^
3 errors
Compilation failed for KNAPSACK
/Users/manwiacharya/GAMMA/patchGeneration/QuixBugs/java_programs/KNAPSACK.java:33: error: 'else' without 'if'
                else {
                ^
/Users/manwiacharya/GAMMA/patchGeneration/QuixBugs/java_programs/KNAPSACK.java:39: error: statements not expected outside of methods and initializers
        return memo[n][capacity];
        ^
/Users/manwiacharya/GAMMA/patchGeneration/QuixBugs/java_programs/KNAPSACK.java:42: error: class, interface, enum, or record expected
}
^
3 errors
Compilation failed for KNAPSACK
/Users/manwiacharya/GAMMA/patchGeneration/QuixBugs/java_programs/KNAPSACK.java:33: error: 'else' without 'if'
                else {
                ^
/Users/manwiacharya/GAMMA/patchGeneration/QuixBugs/java_programs/KNAPSACK.java:39: error: statements not expected outside of methods and initializers
        return memo[n][capacity];
        ^
/Users/manwiacharya/GAMMA/patchGeneration/QuixBugs/java_programs/KNAPSACK.java:42: error: class, interface, enum, or record expected
}
^
3 errors
Compilation failed for KNAPSACK
/Users/manwiacharya/GAMMA/patchGeneration/QuixBugs/java_programs/KNAPSACK.java:33: error: 'else' without 'if'
                else {
                ^
/Users/manwiacharya/GAMMA/patchGeneration/QuixBugs/java_programs/KNAPSACK.java:39: error: statements not expected outside of methods and initializers
        return memo[n][capacity];
        ^
/Users/manwiacharya/GAMMA/patchGeneration/QuixBugs/java_programs/KNAPSACK.java:42: error: class, interface, enum, or record expected
}
^
3 errors
Compilation failed for KNAPSACK
/Users/manwiacharya/GAMMA/patchGeneration/QuixBugs/java_programs/KNAPSACK.java:33: error: 'else' without 'if'
                else {
                ^
/Users/manwiacharya/GAMMA/patchGeneration/QuixBugs/java_programs/KNAPSACK.java:39: error: statements not expected outside of methods and initializers
        return memo[n][capacity];
        ^
/Users/manwiacharya/GAMMA/patchGeneration/QuixBugs/java_programs/KNAPSACK.java:42: error: class, interface, enum, or record expected
}
^
3 errors
Compilation failed for KNAPSACK
/Users/manwiacharya/GAMMA/patchGeneration/QuixBugs/java_programs/KNAPSACK.java:33: error: 'else' without 'if'
                else {
                ^
/Users/manwiacharya/GAMMA/patchGeneration/QuixBugs/java_programs/KNAPSACK.java:39: error: statements not expected outside of methods and initializers
        return memo[n][capacity];
        ^
/Users/manwiacharya/GAMMA/patchGeneration/QuixBugs/java_programs/KNAPSACK.java:42: error: class, interface, enum, or record expected
}
^
3 errors
Compilation failed for KNAPSACK
/Users/manwiacharya/GAMMA/patchGeneration/QuixBugs/java_programs/KNAPSACK.java:33: error: 'else' without 'if'
                else {
                ^
/Users/manwiacharya/GAMMA/patchGeneration/QuixBugs/java_programs/KNAPSACK.java:39: error: statements not expected outside of methods and initializers
        return memo[n][capacity];
        ^
/Users/manwiacharya/GAMMA/patchGeneration/QuixBugs/java_programs/KNAPSACK.java:42: error: class, interface, enum, or record expected
}
^
3 errors
Compilation failed for KNAPSACK
/Users/manwiacharya/GAMMA/patchGeneration/QuixBugs/java_programs/KNAPSACK.java:33: error: 'else' without 'if'
                else {
                ^
/Users/manwiacharya/GAMMA/patchGeneration/QuixBugs/java_programs/KNAPSACK.java:39: error: statements not expected outside of methods and initializers
        return memo[n][capacity];
        ^
/Users/manwiacharya/GAMMA/patchGeneration/QuixBugs/java_programs/KNAPSACK.java:42: error: class, interface, enum, or record expected
}
^
3 errors
Compilation failed for KNAPSACK
/Users/manwiacharya/GAMMA/patchGeneration/QuixBugs/java_programs/KTH.java:26: error: 'else' without 'if'
        } else {
          ^
1 error
Compilation failed for KTH
/Users/manwiacharya/GAMMA/patchGeneration/QuixBugs/java_programs/KTH.java:26: error: 'else' without 'if'
        } else {
          ^
1 error
Compilation failed for KTH
/Users/manwiacharya/GAMMA/patchGeneration/QuixBugs/java_programs/KTH.java:26: error: 'else' without 'if'
        } else {
          ^
1 error
Compilation failed for KTH
/Users/manwiacharya/GAMMA/patchGeneration/QuixBugs/java_programs/KTH.java:26: error: 'else' without 'if'
        } else {
          ^
1 error
Compilation failed for KTH
/Users/manwiacharya/GAMMA/patchGeneration/QuixBugs/java_programs/KTH.java:26: error: 'else' without 'if'
        } else {
          ^
1 error
Compilation failed for KTH
/Users/manwiacharya/GAMMA/patchGeneration/QuixBugs/java_programs/KTH.java:26: error: 'else' without 'if'
        } else {
          ^
1 error
Compilation failed for KTH
/Users/manwiacharya/GAMMA/patchGeneration/QuixBugs/java_programs/KTH.java:26: error: 'else' without 'if'
        } else {
          ^
1 error
Compilation failed for KTH
/Users/manwiacharya/GAMMA/patchGeneration/QuixBugs/java_programs/KTH.java:26: error: 'else' without 'if'
        } else {
          ^
1 error
Compilation failed for KTH
/Users/manwiacharya/GAMMA/patchGeneration/QuixBugs/java_programs/KTH.java:26: error: 'else' without 'if'
        } else {
          ^
1 error
Compilation failed for KTH
/Users/manwiacharya/GAMMA/patchGeneration/QuixBugs/java_programs/KTH.java:26: error: 'else' without 'if'
        } else {
          ^
1 error
Compilation failed for KTH
/Users/manwiacharya/GAMMA/patchGeneration/QuixBugs/java_programs/LEVENSHTEIN.java:16: error: unreachable statement
return 1 + levenshtein(source.substring(1), target.substring(1));
^
/Users/manwiacharya/GAMMA/patchGeneration/QuixBugs/java_programs/LEVENSHTEIN.java:17: error: unreachable statement
            return 1 + levenshtein(source.substring(1), target.substring(1));
            ^
2 errors
Compilation failed for LEVENSHTEIN
/Users/manwiacharya/GAMMA/patchGeneration/QuixBugs/java_programs/LEVENSHTEIN.java:16: error: unreachable statement
return 1 + levenshtein(source.substring(1), target.substring(1));
^
/Users/manwiacharya/GAMMA/patchGeneration/QuixBugs/java_programs/LEVENSHTEIN.java:17: error: unreachable statement
            return 1 + levenshtein(source.substring(1), target.substring(1));
            ^
2 errors
Compilation failed for LEVENSHTEIN
/Users/manwiacharya/GAMMA/patchGeneration/QuixBugs/java_programs/LEVENSHTEIN.java:16: error: unreachable statement
return 1 + levenshtein(source.substring(1), target.substring(1));
^
/Users/manwiacharya/GAMMA/patchGeneration/QuixBugs/java_programs/LEVENSHTEIN.java:17: error: unreachable statement
            return 1 + levenshtein(source.substring(1), target.substring(1));
            ^
2 errors
Compilation failed for LEVENSHTEIN
/Users/manwiacharya/GAMMA/patchGeneration/QuixBugs/java_programs/LEVENSHTEIN.java:16: error: unreachable statement
return 1 + levenshtein(source.substring(1), target.substring(1));
^
/Users/manwiacharya/GAMMA/patchGeneration/QuixBugs/java_programs/LEVENSHTEIN.java:17: error: unreachable statement
            return 1 + levenshtein(source.substring(1), target.substring(1));
            ^
2 errors
Compilation failed for LEVENSHTEIN
/Users/manwiacharya/GAMMA/patchGeneration/QuixBugs/java_programs/LEVENSHTEIN.java:16: error: unreachable statement
return 1 + levenshtein(source.substring(1), target.substring(1));
^
/Users/manwiacharya/GAMMA/patchGeneration/QuixBugs/java_programs/LEVENSHTEIN.java:17: error: unreachable statement
            return 1 + levenshtein(source.substring(1), target.substring(1));
            ^
2 errors
Compilation failed for LEVENSHTEIN
/Users/manwiacharya/GAMMA/patchGeneration/QuixBugs/java_programs/LEVENSHTEIN.java:16: error: unreachable statement
return 1 + levenshtein(source.substring(1), target.substring(1));
^
/Users/manwiacharya/GAMMA/patchGeneration/QuixBugs/java_programs/LEVENSHTEIN.java:17: error: unreachable statement
            return 1 + levenshtein(source.substring(1), target.substring(1));
            ^
2 errors
Compilation failed for LEVENSHTEIN
/Users/manwiacharya/GAMMA/patchGeneration/QuixBugs/java_programs/LEVENSHTEIN.java:16: error: unreachable statement
return 1 + levenshtein(source.substring(1), target.substring(1));
^
/Users/manwiacharya/GAMMA/patchGeneration/QuixBugs/java_programs/LEVENSHTEIN.java:17: error: unreachable statement
            return 1 + levenshtein(source.substring(1), target.substring(1));
            ^
2 errors
Compilation failed for LEVENSHTEIN
/Users/manwiacharya/GAMMA/patchGeneration/QuixBugs/java_programs/LEVENSHTEIN.java:16: error: unreachable statement
return 1 + levenshtein(source.substring(1), target.substring(1));
^
/Users/manwiacharya/GAMMA/patchGeneration/QuixBugs/java_programs/LEVENSHTEIN.java:17: error: unreachable statement
            return 1 + levenshtein(source.substring(1), target.substring(1));
            ^
2 errors
Compilation failed for LEVENSHTEIN
/Users/manwiacharya/GAMMA/patchGeneration/QuixBugs/java_programs/LEVENSHTEIN.java:16: error: unreachable statement
return 1 + levenshtein(source.substring(1), target.substring(1));
^
/Users/manwiacharya/GAMMA/patchGeneration/QuixBugs/java_programs/LEVENSHTEIN.java:17: error: unreachable statement
            return 1 + levenshtein(source.substring(1), target.substring(1));
            ^
2 errors
Compilation failed for LEVENSHTEIN
/Users/manwiacharya/GAMMA/patchGeneration/QuixBugs/java_programs/LEVENSHTEIN.java:16: error: unreachable statement
return 1 + levenshtein(source.substring(1), target.substring(1));
^
/Users/manwiacharya/GAMMA/patchGeneration/QuixBugs/java_programs/LEVENSHTEIN.java:17: error: unreachable statement
            return 1 + levenshtein(source.substring(1), target.substring(1));
            ^
2 errors
Compilation failed for LEVENSHTEIN
/Users/manwiacharya/GAMMA/patchGeneration/QuixBugs/java_programs/LIS.java:36: error: statements not expected outside of methods and initializers
        return longest;
        ^
/Users/manwiacharya/GAMMA/patchGeneration/QuixBugs/java_programs/LIS.java:38: error: class, interface, enum, or record expected
}
^
2 errors
Compilation failed for LIS
/Users/manwiacharya/GAMMA/patchGeneration/QuixBugs/java_programs/LIS.java:36: error: statements not expected outside of methods and initializers
        return longest;
        ^
/Users/manwiacharya/GAMMA/patchGeneration/QuixBugs/java_programs/LIS.java:38: error: class, interface, enum, or record expected
}
^
2 errors
Compilation failed for LIS
/Users/manwiacharya/GAMMA/patchGeneration/QuixBugs/java_programs/LIS.java:36: error: statements not expected outside of methods and initializers
        return longest;
        ^
/Users/manwiacharya/GAMMA/patchGeneration/QuixBugs/java_programs/LIS.java:38: error: class, interface, enum, or record expected
}
^
2 errors
Compilation failed for LIS
/Users/manwiacharya/GAMMA/patchGeneration/QuixBugs/java_programs/LIS.java:36: error: statements not expected outside of methods and initializers
        return longest;
        ^
/Users/manwiacharya/GAMMA/patchGeneration/QuixBugs/java_programs/LIS.java:38: error: class, interface, enum, or record expected
}
^
2 errors
Compilation failed for LIS
/Users/manwiacharya/GAMMA/patchGeneration/QuixBugs/java_programs/LIS.java:36: error: statements not expected outside of methods and initializers
        return longest;
        ^
/Users/manwiacharya/GAMMA/patchGeneration/QuixBugs/java_programs/LIS.java:38: error: class, interface, enum, or record expected
}
^
2 errors
Compilation failed for LIS
/Users/manwiacharya/GAMMA/patchGeneration/QuixBugs/java_programs/LIS.java:36: error: statements not expected outside of methods and initializers
        return longest;
        ^
/Users/manwiacharya/GAMMA/patchGeneration/QuixBugs/java_programs/LIS.java:38: error: class, interface, enum, or record expected
}
^
2 errors
Compilation failed for LIS
/Users/manwiacharya/GAMMA/patchGeneration/QuixBugs/java_programs/LIS.java:36: error: statements not expected outside of methods and initializers
        return longest;
        ^
/Users/manwiacharya/GAMMA/patchGeneration/QuixBugs/java_programs/LIS.java:38: error: class, interface, enum, or record expected
}
^
2 errors
Compilation failed for LIS
/Users/manwiacharya/GAMMA/patchGeneration/QuixBugs/java_programs/LIS.java:36: error: statements not expected outside of methods and initializers
        return longest;
        ^
/Users/manwiacharya/GAMMA/patchGeneration/QuixBugs/java_programs/LIS.java:38: error: class, interface, enum, or record expected
}
^
2 errors
Compilation failed for LIS
/Users/manwiacharya/GAMMA/patchGeneration/QuixBugs/java_programs/LIS.java:36: error: statements not expected outside of methods and initializers
        return longest;
        ^
/Users/manwiacharya/GAMMA/patchGeneration/QuixBugs/java_programs/LIS.java:38: error: class, interface, enum, or record expected
}
^
2 errors
Compilation failed for LIS
/Users/manwiacharya/GAMMA/patchGeneration/QuixBugs/java_programs/LIS.java:36: error: statements not expected outside of methods and initializers
        return longest;
        ^
/Users/manwiacharya/GAMMA/patchGeneration/QuixBugs/java_programs/LIS.java:38: error: class, interface, enum, or record expected
}
^
2 errors
Compilation failed for LIS
/Users/manwiacharya/GAMMA/patchGeneration/QuixBugs/java_programs/LONGEST_COMMON_SUBSEQUENCE.java:20: error: variable fst is already defined in method longest_common_subsequence(String,String)
            String fst = longest_common_subsequence(a, b.substring(1));
                   ^
1 error
Compilation failed for LONGEST_COMMON_SUBSEQUENCE
/Users/manwiacharya/GAMMA/patchGeneration/QuixBugs/java_programs/LONGEST_COMMON_SUBSEQUENCE.java:20: error: variable fst is already defined in method longest_common_subsequence(String,String)
            String fst = longest_common_subsequence(a, b.substring(1));
                   ^
1 error
Compilation failed for LONGEST_COMMON_SUBSEQUENCE
/Users/manwiacharya/GAMMA/patchGeneration/QuixBugs/java_programs/LONGEST_COMMON_SUBSEQUENCE.java:20: error: variable fst is already defined in method longest_common_subsequence(String,String)
            String fst = longest_common_subsequence(a, b.substring(1));
                   ^
1 error
Compilation failed for LONGEST_COMMON_SUBSEQUENCE
/Users/manwiacharya/GAMMA/patchGeneration/QuixBugs/java_programs/LONGEST_COMMON_SUBSEQUENCE.java:20: error: variable fst is already defined in method longest_common_subsequence(String,String)
            String fst = longest_common_subsequence(a, b.substring(1));
                   ^
1 error
Compilation failed for LONGEST_COMMON_SUBSEQUENCE
/Users/manwiacharya/GAMMA/patchGeneration/QuixBugs/java_programs/LONGEST_COMMON_SUBSEQUENCE.java:20: error: variable fst is already defined in method longest_common_subsequence(String,String)
            String fst = longest_common_subsequence(a, b.substring(1));
                   ^
1 error
Compilation failed for LONGEST_COMMON_SUBSEQUENCE
/Users/manwiacharya/GAMMA/patchGeneration/QuixBugs/java_programs/LONGEST_COMMON_SUBSEQUENCE.java:20: error: variable fst is already defined in method longest_common_subsequence(String,String)
            String fst = longest_common_subsequence(a, b.substring(1));
                   ^
1 error
Compilation failed for LONGEST_COMMON_SUBSEQUENCE
/Users/manwiacharya/GAMMA/patchGeneration/QuixBugs/java_programs/LONGEST_COMMON_SUBSEQUENCE.java:20: error: variable fst is already defined in method longest_common_subsequence(String,String)
            String fst = longest_common_subsequence(a, b.substring(1));
                   ^
1 error
Compilation failed for LONGEST_COMMON_SUBSEQUENCE
/Users/manwiacharya/GAMMA/patchGeneration/QuixBugs/java_programs/LONGEST_COMMON_SUBSEQUENCE.java:20: error: variable fst is already defined in method longest_common_subsequence(String,String)
            String fst = longest_common_subsequence(a, b.substring(1));
                   ^
1 error
Compilation failed for LONGEST_COMMON_SUBSEQUENCE
/Users/manwiacharya/GAMMA/patchGeneration/QuixBugs/java_programs/LONGEST_COMMON_SUBSEQUENCE.java:20: error: variable fst is already defined in method longest_common_subsequence(String,String)
            String fst = longest_common_subsequence(a, b.substring(1));
                   ^
1 error
Compilation failed for LONGEST_COMMON_SUBSEQUENCE
/Users/manwiacharya/GAMMA/patchGeneration/QuixBugs/java_programs/LONGEST_COMMON_SUBSEQUENCE.java:20: error: variable fst is already defined in method longest_common_subsequence(String,String)
            String fst = longest_common_subsequence(a, b.substring(1));
                   ^
1 error
Compilation failed for LONGEST_COMMON_SUBSEQUENCE
]]></system-err>
  </testcase>
</testsuite>